#
# There is insufficient memory for the Java Runtime Environment to continue.
# Native memory allocation (mmap) failed to map 207618048 bytes. Error detail: G1 virtual space
# Possible reasons:
#   The system is out of physical RAM or swap space
#   This process is running with CompressedOops enabled, and the Java Heap may be blocking the growth of the native heap
# Possible solutions:
#   Reduce memory load on the system
#   Increase physical memory or swap space
#   Check if swap backing store is full
#   Decrease Java heap size (-Xmx/-Xms)
#   Decrease number of Java threads
#   Decrease Java thread stack sizes (-Xss)
#   Set larger code cache with -XX:ReservedCodeCacheSize=
#   JVM is running with Unscaled Compressed Oops mode in which the Java heap is
#     placed in the first 4GB address space. The Java Heap base address is the
#     maximum limit for the native heap growth. Please use -XX:HeapBaseMinAddress
#     to set the Java Heap base and to place the Java Heap above 4GB virtual address.
# This output file may be truncated or incomplete.
#
#  Out of Memory Error (os_windows.cpp:3613), pid=14316, tid=6272
#
# JRE version: OpenJDK Runtime Environment OpenLogic-OpenJDK (17.0.11+9) (build 17.0.11+9-adhoc..jdk17u)
# Java VM: OpenJDK 64-Bit Server VM OpenLogic-OpenJDK (17.0.11+9-adhoc..jdk17u, mixed mode, sharing, tiered, compressed oops, compressed class ptrs, g1 gc, windows-amd64)
# No core dump will be written. Minidumps are not enabled by default on client versions of Windows
#

---------------  S U M M A R Y ------------

Command Line: -XX:MaxMetaspaceSize=512m --add-opens=java.base/java.util=ALL-UNNAMED --add-opens=java.base/java.lang=ALL-UNNAMED --add-opens=java.base/java.lang.invoke=ALL-UNNAMED --add-opens=java.prefs/java.util.prefs=ALL-UNNAMED --add-opens=java.base/java.nio.charset=ALL-UNNAMED --add-opens=java.base/java.net=ALL-UNNAMED --add-opens=java.base/java.util.concurrent.atomic=ALL-UNNAMED -Xmx2048m -Dfile.encoding=windows-1252 -Duser.country=IN -Duser.language=en -Duser.variant -javaagent:C:\Users\DELL\.gradle\wrapper\dists\gradle-8.6-all\3mbtmo166bl6vumsh5k2lkq5h\gradle-8.6\lib\agents\gradle-instrumentation-agent-8.6.jar org.gradle.launcher.daemon.bootstrap.GradleDaemon 8.6

Host: Intel(R) Core(TM) i5-7200U CPU @ 2.50GHz, 4 cores, 3G,  Windows 10 , 64 bit Build 19041 (10.0.19041.3636)
Time: Sun Jun 23 04:57:44 2024 India Standard Time elapsed time: 211.568800 seconds (0d 0h 3m 31s)

---------------  T H R E A D  ---------------

Current thread (0x00000273ff2f3060):  VMThread "VM Thread" [stack: 0x000000d70d500000,0x000000d70d600000] [id=6272]

Stack: [0x000000d70d500000,0x000000d70d600000]
Native frames: (J=compiled Java code, j=interpreted, Vv=VM code, C=native code)
V  [jvm.dll+0x67d009]
V  [jvm.dll+0x8348aa]
V  [jvm.dll+0x83636e]
V  [jvm.dll+0x8369d3]
V  [jvm.dll+0x2479df]
V  [jvm.dll+0x679e49]
V  [jvm.dll+0x66e8ba]
V  [jvm.dll+0x30755b]
V  [jvm.dll+0x30ea06]
V  [jvm.dll+0x35e40e]
V  [jvm.dll+0x35e63f]
V  [jvm.dll+0x2de298]
V  [jvm.dll+0x2dc6a4]
V  [jvm.dll+0x2dbcac]
V  [jvm.dll+0x31f6cb]
V  [jvm.dll+0x83aecb]
V  [jvm.dll+0x83bc02]
V  [jvm.dll+0x83c11d]
V  [jvm.dll+0x83c4f4]
V  [jvm.dll+0x83c5c0]
V  [jvm.dll+0x7e3e1a]
V  [jvm.dll+0x67bef5]
C  [ucrtbase.dll+0x21bb2]
C  [KERNEL32.DLL+0x17344]
C  [ntdll.dll+0x4cc91]

VM_Operation (0x000000d70f2fdc30): G1CollectForAllocation, mode: safepoint, requested by thread 0x00000273b92f4e40


---------------  P R O C E S S  ---------------

Threads class SMR info:
_java_thread_list=0x00000273bdc09370, length=68, elements={
0x00000273fa1c2370, 0x00000273ff2f8bf0, 0x00000273ff2fa990, 0x00000273ff310b80,
0x00000273ff311910, 0x00000273ff315360, 0x00000273ff315c30, 0x00000273ff3168e0,
0x00000273ff317a40, 0x00000273ff399e60, 0x00000273ff2e3fa0, 0x00000273b913fb10,
0x00000273b913d220, 0x00000273b90fe370, 0x00000273b9b885c0, 0x00000273ba903630,
0x00000273b93c2ca0, 0x00000273b9b87870, 0x00000273b93d5480, 0x00000273b92f3f10,
0x00000273b92f2fe0, 0x00000273b92f4420, 0x00000273b92f34f0, 0x00000273b92f3a00,
0x00000273b92f4930, 0x00000273b92f4e40, 0x00000273b92f6790, 0x00000273b92f5350,
0x00000273b92f5d70, 0x00000273b92f5860, 0x00000273baa11c60, 0x00000273baa10310,
0x00000273baa0f8f0, 0x00000273baa0dfa0, 0x00000273baa0bc30, 0x00000273baa0d070,
0x00000273baa10820, 0x00000273baa12170, 0x00000273baa0cb60, 0x00000273baa12680,
0x00000273baa0fe00, 0x00000273baa12b90, 0x00000273baa0b720, 0x00000273baa0eed0,
0x00000273baa130a0, 0x00000273baa0e9c0, 0x00000273baa0c140, 0x00000273baa0d580,
0x00000273baa0c650, 0x00000273baa0f3e0, 0x00000273be3ae7e0, 0x00000273be3b1f90,
0x00000273be3b33d0, 0x00000273be3b2ec0, 0x00000273be3b4d20, 0x00000273be3b0130,
0x00000273be3b38e0, 0x00000273be3b24a0, 0x00000273be3af200, 0x00000273be3af710,
0x00000273be3afc20, 0x00000273be3b0b50, 0x00000273be3aecf0, 0x00000273be3b29b0,
0x00000273be3b0640, 0x00000273be3b1060, 0x00000273be3ae2d0, 0x00000273bce6a000
}

Java Threads: ( => current thread )
  0x00000273fa1c2370 JavaThread "main" [_thread_blocked, id=7764, stack(0x000000d70cf00000,0x000000d70d000000)]
  0x00000273ff2f8bf0 JavaThread "Reference Handler" daemon [_thread_blocked, id=6812, stack(0x000000d70d600000,0x000000d70d700000)]
  0x00000273ff2fa990 JavaThread "Finalizer" daemon [_thread_blocked, id=4272, stack(0x000000d70d700000,0x000000d70d800000)]
  0x00000273ff310b80 JavaThread "Signal Dispatcher" daemon [_thread_blocked, id=14964, stack(0x000000d70d800000,0x000000d70d900000)]
  0x00000273ff311910 JavaThread "Attach Listener" daemon [_thread_blocked, id=2388, stack(0x000000d70d900000,0x000000d70da00000)]
  0x00000273ff315360 JavaThread "Service Thread" daemon [_thread_blocked, id=9976, stack(0x000000d70da00000,0x000000d70db00000)]
  0x00000273ff315c30 JavaThread "Monitor Deflation Thread" daemon [_thread_blocked, id=4972, stack(0x000000d70db00000,0x000000d70dc00000)]
  0x00000273ff3168e0 JavaThread "C2 CompilerThread0" daemon [_thread_blocked, id=13784, stack(0x000000d70dc00000,0x000000d70dd00000)]
  0x00000273ff317a40 JavaThread "C1 CompilerThread0" daemon [_thread_blocked, id=5768, stack(0x000000d70dd00000,0x000000d70de00000)]
  0x00000273ff399e60 JavaThread "Sweeper thread" daemon [_thread_blocked, id=1668, stack(0x000000d70de00000,0x000000d70df00000)]
  0x00000273ff2e3fa0 JavaThread "Common-Cleaner" daemon [_thread_blocked, id=14344, stack(0x000000d70df00000,0x000000d70e000000)]
  0x00000273b913fb10 JavaThread "Notification Thread" daemon [_thread_blocked, id=14436, stack(0x000000d70e000000,0x000000d70e100000)]
  0x00000273b913d220 JavaThread "Daemon health stats" [_thread_blocked, id=5424, stack(0x000000d70e500000,0x000000d70e600000)]
  0x00000273b90fe370 JavaThread "Incoming local TCP Connector on port 56078" [_thread_in_native, id=7304, stack(0x000000d70e600000,0x000000d70e700000)]
  0x00000273b9b885c0 JavaThread "Daemon periodic checks" [_thread_blocked, id=13340, stack(0x000000d70e700000,0x000000d70e800000)]
  0x00000273ba903630 JavaThread "Daemon" [_thread_blocked, id=12504, stack(0x000000d70e800000,0x000000d70e900000)]
  0x00000273b93c2ca0 JavaThread "Handler for socket connection from /127.0.0.1:56078 to /127.0.0.1:56079" [_thread_in_native, id=14192, stack(0x000000d70e900000,0x000000d70ea00000)]
  0x00000273b9b87870 JavaThread "Cancel handler" [_thread_blocked, id=14384, stack(0x000000d70ea00000,0x000000d70eb00000)]
  0x00000273b93d5480 JavaThread "Daemon worker" [_thread_blocked, id=5136, stack(0x000000d70eb00000,0x000000d70ec00000)]
  0x00000273b92f3f10 JavaThread "Asynchronous log dispatcher for DefaultDaemonConnection: socket connection from /127.0.0.1:56078 to /127.0.0.1:56079" [_thread_blocked, id=6560, stack(0x000000d70ec00000,0x000000d70ed00000)]
  0x00000273b92f2fe0 JavaThread "Stdin handler" [_thread_blocked, id=14460, stack(0x000000d70ed00000,0x000000d70ee00000)]
  0x00000273b92f4420 JavaThread "Daemon client event forwarder" [_thread_blocked, id=10428, stack(0x000000d70ee00000,0x000000d70ef00000)]
  0x00000273b92f34f0 JavaThread "Cache worker for journal cache (C:\Users\DELL\.gradle\caches\journal-1)" [_thread_blocked, id=11100, stack(0x000000d70ef00000,0x000000d70f000000)]
  0x00000273b92f3a00 JavaThread "File lock request listener" [_thread_in_native, id=14524, stack(0x000000d70f000000,0x000000d70f100000)]
  0x00000273b92f4930 JavaThread "Cache worker for file hash cache (C:\Users\DELL\.gradle\caches\8.6\fileHashes)" [_thread_blocked, id=8888, stack(0x000000d70f100000,0x000000d70f200000)]
  0x00000273b92f4e40 JavaThread "File watcher server" daemon [_thread_blocked, id=1992, stack(0x000000d70f200000,0x000000d70f300000)]
  0x00000273b92f6790 JavaThread "File watcher consumer" daemon [_thread_blocked, id=8404, stack(0x000000d70f300000,0x000000d70f400000)]
  0x00000273b92f5350 JavaThread "Cache worker for checksums cache (E:\React Native\Ecommerce_app\Ecommerce_app\android\.gradle\8.6\checksums)" [_thread_blocked, id=10384, stack(0x000000d70f400000,0x000000d70f500000)]
  0x00000273b92f5d70 JavaThread "Cache worker for file hash cache (E:\React Native\Ecommerce_app\Ecommerce_app\android\.gradle\8.6\fileHashes)" [_thread_blocked, id=3000, stack(0x000000d70f500000,0x000000d70f600000)]
  0x00000273b92f5860 JavaThread "Cache worker for cache directory md-supplier (C:\Users\DELL\.gradle\caches\8.6\md-supplier)" [_thread_blocked, id=11788, stack(0x000000d70f600000,0x000000d70f700000)]
  0x00000273baa11c60 JavaThread "Cache worker for cache directory md-rule (C:\Users\DELL\.gradle\caches\8.6\md-rule)" [_thread_blocked, id=13968, stack(0x000000d70f700000,0x000000d70f800000)]
  0x00000273baa10310 JavaThread "Cache worker for file content cache (C:\Users\DELL\.gradle\caches\8.6\fileContent)" [_thread_blocked, id=13684, stack(0x000000d70f800000,0x000000d70f900000)]
  0x00000273baa0f8f0 JavaThread "File lock release action executor" [_thread_blocked, id=5128, stack(0x000000d70fa00000,0x000000d70fb00000)]
  0x00000273baa0dfa0 JavaThread "jar transforms" [_thread_blocked, id=10360, stack(0x000000d70fb00000,0x000000d70fc00000)]
  0x00000273baa0bc30 JavaThread "jar transforms Thread 2" [_thread_blocked, id=13324, stack(0x000000d70fd00000,0x000000d70fe00000)]
  0x00000273baa0d070 JavaThread "jar transforms Thread 3" [_thread_blocked, id=14776, stack(0x000000d70fe00000,0x000000d70ff00000)]
  0x00000273baa10820 JavaThread "jar transforms Thread 4" [_thread_blocked, id=11284, stack(0x000000d70ff00000,0x000000d710000000)]
  0x00000273baa12170 JavaThread "Exec process" [_thread_blocked, id=5652, stack(0x000000d710000000,0x000000d710100000)]
  0x00000273baa0cb60 JavaThread "Exec process Thread 2" [_thread_blocked, id=3124, stack(0x000000d710100000,0x000000d710200000)]
  0x00000273baa12680 JavaThread "Exec process Thread 3" [_thread_blocked, id=15252, stack(0x000000d710200000,0x000000d710300000)]
  0x00000273baa0fe00 JavaThread "Unconstrained build operations" [_thread_blocked, id=10236, stack(0x000000d70cd00000,0x000000d70ce00000)]
  0x00000273baa12b90 JavaThread "Unconstrained build operations Thread 2" [_thread_blocked, id=9452, stack(0x000000d70ce00000,0x000000d70cf00000)]
  0x00000273baa0b720 JavaThread "Cache worker for Build Output Cleanup Cache (E:\React Native\Ecommerce_app\Ecommerce_app\node_modules\@react-native\gradle-plugin\.gradle\buildOutputCleanup)" [_thread_blocked, id=9244, stack(0x000000d70f900000,0x000000d70fa00000)]
  0x00000273baa0eed0 JavaThread "Unconstrained build operations Thread 3" [_thread_blocked, id=11884, stack(0x000000d710300000,0x000000d710400000)]
  0x00000273baa130a0 JavaThread "Unconstrained build operations Thread 4" [_thread_blocked, id=1760, stack(0x000000d710400000,0x000000d710500000)]
  0x00000273baa0e9c0 JavaThread "Unconstrained build operations Thread 5" [_thread_blocked, id=1956, stack(0x000000d710500000,0x000000d710600000)]
  0x00000273baa0c140 JavaThread "build event listener" [_thread_blocked, id=5600, stack(0x000000d710600000,0x000000d710700000)]
  0x00000273baa0d580 JavaThread "Memory manager" [_thread_blocked, id=12356, stack(0x000000d710700000,0x000000d710800000)]
  0x00000273baa0c650 JavaThread "Cache worker for Build Output Cleanup Cache (E:\React Native\Ecommerce_app\Ecommerce_app\android\.gradle\buildOutputCleanup)" [_thread_blocked, id=13256, stack(0x000000d710800000,0x000000d710900000)]
  0x00000273baa0f3e0 JavaThread "ForkJoinPool.commonPool-worker-1" daemon [_thread_blocked, id=11672, stack(0x000000d710900000,0x000000d710a00000)]
  0x00000273be3ae7e0 JavaThread "ForkJoinPool.commonPool-worker-3" daemon [_thread_blocked, id=4576, stack(0x000000d710b00000,0x000000d710c00000)]
  0x00000273be3b1f90 JavaThread "included builds" [_thread_blocked, id=10252, stack(0x000000d710c00000,0x000000d710d00000)]
  0x00000273be3b33d0 JavaThread "Execution worker" [_thread_blocked, id=8196, stack(0x000000d710d00000,0x000000d710e00000)]
  0x00000273be3b2ec0 JavaThread "Execution worker Thread 2" [_thread_blocked, id=352, stack(0x000000d710e00000,0x000000d710f00000)]
  0x00000273be3b4d20 JavaThread "Execution worker Thread 3" [_thread_blocked, id=12732, stack(0x000000d710f00000,0x000000d711000000)]
  0x00000273be3b0130 JavaThread "Cache worker for execution history cache (E:\React Native\Ecommerce_app\Ecommerce_app\node_modules\@react-native\gradle-plugin\.gradle\8.6\executionHistory)" [_thread_blocked, id=10992, stack(0x000000d711000000,0x000000d711100000)]
  0x00000273be3b38e0 JavaThread "Unconstrained build operations Thread 6" [_thread_blocked, id=14520, stack(0x000000d711100000,0x000000d711200000)]
  0x00000273be3b24a0 JavaThread "Unconstrained build operations Thread 7" [_thread_blocked, id=836, stack(0x000000d711200000,0x000000d711300000)]
  0x00000273be3af200 JavaThread "Unconstrained build operations Thread 8" [_thread_blocked, id=4208, stack(0x000000d711300000,0x000000d711400000)]
  0x00000273be3af710 JavaThread "Unconstrained build operations Thread 9" [_thread_blocked, id=13748, stack(0x000000d711400000,0x000000d711500000)]
  0x00000273be3afc20 JavaThread "Unconstrained build operations Thread 10" [_thread_blocked, id=10976, stack(0x000000d711500000,0x000000d711600000)]
  0x00000273be3b0b50 JavaThread "Unconstrained build operations Thread 11" [_thread_blocked, id=11292, stack(0x000000d711600000,0x000000d711700000)]
  0x00000273be3aecf0 JavaThread "Unconstrained build operations Thread 12" [_thread_blocked, id=11468, stack(0x000000d711700000,0x000000d711800000)]
  0x00000273be3b29b0 JavaThread "Unconstrained build operations Thread 13" [_thread_blocked, id=1892, stack(0x000000d711800000,0x000000d711900000)]
  0x00000273be3b0640 JavaThread "Unconstrained build operations Thread 14" [_thread_blocked, id=12352, stack(0x000000d711900000,0x000000d711a00000)]
  0x00000273be3b1060 JavaThread "Unconstrained build operations Thread 15" [_thread_blocked, id=10924, stack(0x000000d711a00000,0x000000d711b00000)]
  0x00000273be3ae2d0 JavaThread "Unconstrained build operations Thread 16" [_thread_blocked, id=13036, stack(0x000000d711b00000,0x000000d711c00000)]
  0x00000273bce6a000 JavaThread "build event listener" [_thread_blocked, id=7948, stack(0x000000d711c00000,0x000000d711d00000)]

Other Threads:
=>0x00000273ff2f3060 VMThread "VM Thread" [stack: 0x000000d70d500000,0x000000d70d600000] [id=6272]
  0x00000273b913fff0 WatcherThread [stack: 0x000000d70e100000,0x000000d70e200000] [id=9720]
  0x00000273fa21f890 GCTaskThread "GC Thread#0" [stack: 0x000000d70d000000,0x000000d70d100000] [id=14612]
  0x00000273b9256da0 GCTaskThread "GC Thread#1" [stack: 0x000000d70e200000,0x000000d70e300000] [id=3668]
  0x00000273b9344330 GCTaskThread "GC Thread#2" [stack: 0x000000d70e300000,0x000000d70e400000] [id=9532]
  0x00000273b959f690 GCTaskThread "GC Thread#3" [stack: 0x000000d70e400000,0x000000d70e500000] [id=9120]
  0x00000273fa2306f0 ConcurrentGCThread "G1 Main Marker" [stack: 0x000000d70d100000,0x000000d70d200000] [id=14388]
  0x00000273fa231020 ConcurrentGCThread "G1 Conc#0" [stack: 0x000000d70d200000,0x000000d70d300000] [id=436]
  0x00000273fa26da60 ConcurrentGCThread "G1 Refine#0" [stack: 0x000000d70d300000,0x000000d70d400000] [id=8792]
  0x00000273fa26e3a0 ConcurrentGCThread "G1 Service" [stack: 0x000000d70d400000,0x000000d70d500000] [id=11708]

Threads with active compile tasks:
C2 CompilerThread0   211668 10324 %     4       groovy.lang.MetaClassImpl::inheritInterfaceNewMetaMethods @ 100 (195 bytes)

VM state: at safepoint (normal execution)

VM Mutex/Monitor currently owned by a thread:  ([mutex/lock_event])
[0x00000273fa1bf3c0] Threads_lock - owner thread: 0x00000273ff2f3060
[0x00000273fa1bf9f0] Heap_lock - owner thread: 0x00000273b92f4e40

Heap address: 0x0000000080000000, size: 2048 MB, Compressed Oops mode: 32-bit

CDS archive(s) mapped at: [0x000002739a000000-0x000002739abc0000-0x000002739abc0000), size 12320768, SharedBaseAddress: 0x000002739a000000, ArchiveRelocationMode: 1.
Compressed class space mapped at: 0x000002739b000000-0x00000273b5000000, reserved size: 436207616
Narrow klass base: 0x000002739a000000, Narrow klass shift: 0, Narrow klass range: 0x100000000

GC Precious Log:
 CPUs: 4 total, 4 available
 Memory: 3875M
 Large Page Support: Disabled
 NUMA Support: Disabled
 Compressed Oops: Enabled (32-bit)
 Heap Region Size: 1M
 Heap Min Capacity: 8M
 Heap Initial Capacity: 62M
 Heap Max Capacity: 2G
 Pre-touch: Disabled
 Parallel Workers: 4
 Concurrent Workers: 1
 Concurrent Refinement Workers: 4
 Periodic GC: Disabled

Heap:
 garbage-first heap   total 165888K, used 98419K [0x0000000080000000, 0x0000000100000000)
  region size 1024K, 6 young (6144K), 6 survivors (6144K)
 Metaspace       used 82496K, committed 83264K, reserved 557056K
  class space    used 11532K, committed 11904K, reserved 425984K

Heap Regions: E=young(eden), S=young(survivor), O=old, HS=humongous(starts), HC=humongous(continues), CS=collection set, F=free, OA=open archive, CA=closed archive, TAMS=top-at-mark-start (previous, next)
|   0|0x0000000080000000, 0x0000000080100000, 0x0000000080100000|100%| O|  |TAMS 0x0000000080100000, 0x0000000080000000| Untracked 
|   1|0x0000000080100000, 0x0000000080200000, 0x0000000080200000|100%| O|  |TAMS 0x0000000080200000, 0x0000000080100000| Untracked 
|   2|0x0000000080200000, 0x0000000080300000, 0x0000000080300000|100%|HS|  |TAMS 0x0000000080300000, 0x0000000080200000| Complete 
|   3|0x0000000080300000, 0x0000000080400000, 0x0000000080400000|100%|HC|  |TAMS 0x0000000080400000, 0x0000000080300000| Complete 
|   4|0x0000000080400000, 0x0000000080500000, 0x0000000080500000|100%|HC|  |TAMS 0x0000000080500000, 0x0000000080400000| Complete 
|   5|0x0000000080500000, 0x0000000080600000, 0x0000000080600000|100%|HC|  |TAMS 0x0000000080600000, 0x0000000080500000| Complete 
|   6|0x0000000080600000, 0x0000000080700000, 0x0000000080700000|100%| O|  |TAMS 0x0000000080700000, 0x0000000080600000| Untracked 
|   7|0x0000000080700000, 0x0000000080800000, 0x0000000080800000|100%| O|  |TAMS 0x0000000080800000, 0x0000000080700000| Untracked 
|   8|0x0000000080800000, 0x0000000080900000, 0x0000000080900000|100%| O|  |TAMS 0x0000000080900000, 0x0000000080800000| Untracked 
|   9|0x0000000080900000, 0x0000000080a00000, 0x0000000080a00000|100%| O|  |TAMS 0x0000000080a00000, 0x0000000080900000| Untracked 
|  10|0x0000000080a00000, 0x0000000080b00000, 0x0000000080b00000|100%| O|  |TAMS 0x0000000080b00000, 0x0000000080a00000| Untracked 
|  11|0x0000000080b00000, 0x0000000080c00000, 0x0000000080c00000|100%| O|  |TAMS 0x0000000080c00000, 0x0000000080b00000| Untracked 
|  12|0x0000000080c00000, 0x0000000080d00000, 0x0000000080d00000|100%| O|  |TAMS 0x0000000080d00000, 0x0000000080c00000| Untracked 
|  13|0x0000000080d00000, 0x0000000080e00000, 0x0000000080e00000|100%| O|  |TAMS 0x0000000080e00000, 0x0000000080d00000| Untracked 
|  14|0x0000000080e00000, 0x0000000080f00000, 0x0000000080f00000|100%| O|  |TAMS 0x0000000080f00000, 0x0000000080e00000| Untracked 
|  15|0x0000000080f00000, 0x0000000081000000, 0x0000000081000000|100%| O|  |TAMS 0x0000000081000000, 0x0000000080f00000| Untracked 
|  16|0x0000000081000000, 0x0000000081100000, 0x0000000081100000|100%| O|  |TAMS 0x0000000081100000, 0x0000000081000000| Untracked 
|  17|0x0000000081100000, 0x0000000081200000, 0x0000000081200000|100%| O|  |TAMS 0x0000000081200000, 0x0000000081100000| Untracked 
|  18|0x0000000081200000, 0x0000000081300000, 0x0000000081300000|100%| O|  |TAMS 0x0000000081300000, 0x0000000081200000| Untracked 
|  19|0x0000000081300000, 0x0000000081400000, 0x0000000081400000|100%| O|  |TAMS 0x0000000081400000, 0x0000000081300000| Untracked 
|  20|0x0000000081400000, 0x0000000081500000, 0x0000000081500000|100%| O|  |TAMS 0x0000000081500000, 0x0000000081400000| Untracked 
|  21|0x0000000081500000, 0x0000000081600000, 0x0000000081600000|100%| O|  |TAMS 0x0000000081600000, 0x0000000081500000| Untracked 
|  22|0x0000000081600000, 0x0000000081700000, 0x0000000081700000|100%| O|  |TAMS 0x0000000081700000, 0x0000000081600000| Untracked 
|  23|0x0000000081700000, 0x0000000081800000, 0x0000000081800000|100%| O|  |TAMS 0x0000000081800000, 0x0000000081700000| Untracked 
|  24|0x0000000081800000, 0x0000000081900000, 0x0000000081900000|100%| O|  |TAMS 0x0000000081900000, 0x0000000081800000| Untracked 
|  25|0x0000000081900000, 0x0000000081a00000, 0x0000000081a00000|100%| O|  |TAMS 0x0000000081a00000, 0x0000000081900000| Untracked 
|  26|0x0000000081a00000, 0x0000000081b00000, 0x0000000081b00000|100%| O|  |TAMS 0x0000000081b00000, 0x0000000081a00000| Untracked 
|  27|0x0000000081b00000, 0x0000000081c00000, 0x0000000081c00000|100%| O|  |TAMS 0x0000000081c00000, 0x0000000081b00000| Untracked 
|  28|0x0000000081c00000, 0x0000000081d00000, 0x0000000081d00000|100%| O|  |TAMS 0x0000000081d00000, 0x0000000081c00000| Untracked 
|  29|0x0000000081d00000, 0x0000000081e00000, 0x0000000081e00000|100%| O|  |TAMS 0x0000000081e00000, 0x0000000081d00000| Untracked 
|  30|0x0000000081e00000, 0x0000000081f00000, 0x0000000081f00000|100%| O|  |TAMS 0x0000000081f00000, 0x0000000081e00000| Untracked 
|  31|0x0000000081f00000, 0x0000000082000000, 0x0000000082000000|100%| O|  |TAMS 0x0000000082000000, 0x0000000081f00000| Untracked 
|  32|0x0000000082000000, 0x0000000082100000, 0x0000000082100000|100%| O|  |TAMS 0x0000000082100000, 0x0000000082000000| Untracked 
|  33|0x0000000082100000, 0x0000000082200000, 0x0000000082200000|100%| O|  |TAMS 0x0000000082200000, 0x0000000082100000| Untracked 
|  34|0x0000000082200000, 0x0000000082300000, 0x0000000082300000|100%| O|  |TAMS 0x0000000082300000, 0x0000000082200000| Untracked 
|  35|0x0000000082300000, 0x0000000082400000, 0x0000000082400000|100%| O|  |TAMS 0x0000000082400000, 0x0000000082300000| Untracked 
|  36|0x0000000082400000, 0x0000000082500000, 0x0000000082500000|100%| O|  |TAMS 0x0000000082500000, 0x0000000082400000| Untracked 
|  37|0x0000000082500000, 0x0000000082600000, 0x0000000082600000|100%| O|  |TAMS 0x0000000082600000, 0x0000000082500000| Untracked 
|  38|0x0000000082600000, 0x0000000082700000, 0x0000000082700000|100%|HS|  |TAMS 0x0000000082700000, 0x0000000082600000| Complete 
|  39|0x0000000082700000, 0x0000000082800000, 0x0000000082800000|100%|HS|  |TAMS 0x0000000082800000, 0x0000000082700000| Complete 
|  40|0x0000000082800000, 0x0000000082900000, 0x0000000082900000|100%|HC|  |TAMS 0x0000000082900000, 0x0000000082800000| Complete 
|  41|0x0000000082900000, 0x0000000082a00000, 0x0000000082a00000|100%|HS|  |TAMS 0x0000000082a00000, 0x0000000082900000| Complete 
|  42|0x0000000082a00000, 0x0000000082b00000, 0x0000000082b00000|100%|HC|  |TAMS 0x0000000082b00000, 0x0000000082a00000| Complete 
|  43|0x0000000082b00000, 0x0000000082c00000, 0x0000000082c00000|100%| O|  |TAMS 0x0000000082c00000, 0x0000000082b00000| Untracked 
|  44|0x0000000082c00000, 0x0000000082d00000, 0x0000000082d00000|100%| O|  |TAMS 0x0000000082d00000, 0x0000000082c00000| Untracked 
|  45|0x0000000082d00000, 0x0000000082e00000, 0x0000000082e00000|100%|HS|  |TAMS 0x0000000082e00000, 0x0000000082d00000| Complete 
|  46|0x0000000082e00000, 0x0000000082f00000, 0x0000000082f00000|100%|HC|  |TAMS 0x0000000082f00000, 0x0000000082e00000| Complete 
|  47|0x0000000082f00000, 0x0000000083000000, 0x0000000083000000|100%|HC|  |TAMS 0x0000000083000000, 0x0000000082f00000| Complete 
|  48|0x0000000083000000, 0x0000000083100000, 0x0000000083100000|100%|HC|  |TAMS 0x0000000083100000, 0x0000000083000000| Complete 
|  49|0x0000000083100000, 0x0000000083200000, 0x0000000083200000|100%|HS|  |TAMS 0x0000000083200000, 0x0000000083100000| Complete 
|  50|0x0000000083200000, 0x0000000083300000, 0x0000000083300000|100%|HC|  |TAMS 0x0000000083300000, 0x0000000083200000| Complete 
|  51|0x0000000083300000, 0x0000000083400000, 0x0000000083400000|100%|HC|  |TAMS 0x0000000083400000, 0x0000000083300000| Complete 
|  52|0x0000000083400000, 0x0000000083500000, 0x0000000083500000|100%|HC|  |TAMS 0x0000000083500000, 0x0000000083400000| Complete 
|  53|0x0000000083500000, 0x0000000083600000, 0x0000000083600000|100%| O|  |TAMS 0x0000000083600000, 0x0000000083500000| Untracked 
|  54|0x0000000083600000, 0x0000000083700000, 0x0000000083700000|100%| O|  |TAMS 0x0000000083700000, 0x0000000083600000| Untracked 
|  55|0x0000000083700000, 0x0000000083800000, 0x0000000083800000|100%| O|  |TAMS 0x0000000083800000, 0x0000000083700000| Untracked 
|  56|0x0000000083800000, 0x0000000083900000, 0x0000000083900000|100%| O|  |TAMS 0x0000000083900000, 0x0000000083800000| Untracked 
|  57|0x0000000083900000, 0x0000000083a00000, 0x0000000083a00000|100%| O|  |TAMS 0x0000000083a00000, 0x0000000083900000| Untracked 
|  58|0x0000000083a00000, 0x0000000083b00000, 0x0000000083b00000|100%| O|  |TAMS 0x0000000083b00000, 0x0000000083a00000| Untracked 
|  59|0x0000000083b00000, 0x0000000083c00000, 0x0000000083c00000|100%| O|  |TAMS 0x0000000083c00000, 0x0000000083b00000| Untracked 
|  60|0x0000000083c00000, 0x0000000083d00000, 0x0000000083d00000|100%| O|  |TAMS 0x0000000083d00000, 0x0000000083c00000| Untracked 
|  61|0x0000000083d00000, 0x0000000083e00000, 0x0000000083e00000|100%| O|  |TAMS 0x0000000083d00000, 0x0000000083d00000| Untracked 
|  62|0x0000000083e00000, 0x0000000083f00000, 0x0000000083f00000|100%| O|  |TAMS 0x0000000083e00000, 0x0000000083e00000| Untracked 
|  63|0x0000000083f00000, 0x0000000084000000, 0x0000000084000000|100%| O|  |TAMS 0x0000000084000000, 0x0000000083f00000| Untracked 
|  64|0x0000000084000000, 0x0000000084100000, 0x0000000084100000|100%| O|  |TAMS 0x0000000084100000, 0x0000000084000000| Untracked 
|  65|0x0000000084100000, 0x0000000084200000, 0x0000000084200000|100%| O|  |TAMS 0x0000000084200000, 0x0000000084100000| Untracked 
|  66|0x0000000084200000, 0x0000000084300000, 0x0000000084300000|100%| O|  |TAMS 0x0000000084300000, 0x0000000084200000| Untracked 
|  67|0x0000000084300000, 0x0000000084400000, 0x0000000084400000|100%| O|  |TAMS 0x0000000084400000, 0x0000000084300000| Untracked 
|  68|0x0000000084400000, 0x0000000084500000, 0x0000000084500000|100%| O|  |TAMS 0x0000000084500000, 0x0000000084400000| Untracked 
|  69|0x0000000084500000, 0x0000000084600000, 0x0000000084600000|100%| O|  |TAMS 0x0000000084600000, 0x0000000084500000| Untracked 
|  70|0x0000000084600000, 0x0000000084700000, 0x0000000084700000|100%| O|  |TAMS 0x0000000084700000, 0x0000000084600000| Untracked 
|  71|0x0000000084700000, 0x0000000084800000, 0x0000000084800000|100%| O|  |TAMS 0x0000000084800000, 0x0000000084700000| Untracked 
|  72|0x0000000084800000, 0x0000000084900000, 0x0000000084900000|100%| O|  |TAMS 0x00000000848a2c00, 0x0000000084800000| Untracked 
|  73|0x0000000084900000, 0x0000000084a00000, 0x0000000084a00000|100%|HS|  |TAMS 0x0000000084a00000, 0x0000000084900000| Complete 
|  74|0x0000000084a00000, 0x0000000084b00000, 0x0000000084b00000|100%|HS|  |TAMS 0x0000000084b00000, 0x0000000084a00000| Complete 
|  75|0x0000000084b00000, 0x0000000084c00000, 0x0000000084c00000|100%| O|  |TAMS 0x0000000084b00000, 0x0000000084b00000| Untracked 
|  76|0x0000000084c00000, 0x0000000084d00000, 0x0000000084d00000|100%|HS|  |TAMS 0x0000000084d00000, 0x0000000084c00000| Complete 
|  77|0x0000000084d00000, 0x0000000084e00000, 0x0000000084e00000|100%|HS|  |TAMS 0x0000000084e00000, 0x0000000084d00000| Complete 
|  78|0x0000000084e00000, 0x0000000084f00000, 0x0000000084f00000|100%| O|  |TAMS 0x0000000084e00000, 0x0000000084e00000| Untracked 
|  79|0x0000000084f00000, 0x0000000085000000, 0x0000000085000000|100%| O|  |TAMS 0x0000000084f00000, 0x0000000084f00000| Untracked 
|  80|0x0000000085000000, 0x0000000085100000, 0x0000000085100000|100%| O|  |TAMS 0x0000000085000000, 0x0000000085000000| Untracked 
|  81|0x0000000085100000, 0x0000000085200000, 0x0000000085200000|100%| O|  |TAMS 0x0000000085100000, 0x0000000085100000| Untracked 
|  82|0x0000000085200000, 0x0000000085300000, 0x0000000085300000|100%| O|  |TAMS 0x0000000085200000, 0x0000000085200000| Untracked 
|  83|0x0000000085300000, 0x0000000085400000, 0x0000000085400000|100%| O|  |TAMS 0x0000000085300000, 0x0000000085300000| Untracked 
|  84|0x0000000085400000, 0x0000000085500000, 0x0000000085500000|100%| O|  |TAMS 0x0000000085400000, 0x0000000085400000| Untracked 
|  85|0x0000000085500000, 0x0000000085600000, 0x0000000085600000|100%| O|  |TAMS 0x0000000085500000, 0x0000000085500000| Untracked 
|  86|0x0000000085600000, 0x0000000085700000, 0x0000000085700000|100%| O|  |TAMS 0x0000000085600000, 0x0000000085600000| Untracked 
|  87|0x0000000085700000, 0x0000000085800000, 0x0000000085800000|100%| O|  |TAMS 0x0000000085700000, 0x0000000085700000| Untracked 
|  88|0x0000000085800000, 0x0000000085900000, 0x0000000085900000|100%| O|  |TAMS 0x0000000085800000, 0x0000000085800000| Untracked 
|  89|0x0000000085900000, 0x0000000085a00000, 0x0000000085a00000|100%| O|  |TAMS 0x0000000085900000, 0x0000000085900000| Untracked 
|  90|0x0000000085a00000, 0x0000000085a67000, 0x0000000085b00000| 40%| O|  |TAMS 0x0000000085a00000, 0x0000000085a00000| Untracked 
|  91|0x0000000085b00000, 0x0000000085b00000, 0x0000000085c00000|  0%| F|  |TAMS 0x0000000085b00000, 0x0000000085b00000| Untracked 
|  92|0x0000000085c00000, 0x0000000085c00000, 0x0000000085d00000|  0%| F|  |TAMS 0x0000000085c00000, 0x0000000085c00000| Untracked 
|  93|0x0000000085d00000, 0x0000000085d00000, 0x0000000085e00000|  0%| F|  |TAMS 0x0000000085d00000, 0x0000000085d00000| Untracked 
|  94|0x0000000085e00000, 0x0000000085e00000, 0x0000000085f00000|  0%| F|  |TAMS 0x0000000085e00000, 0x0000000085e00000| Untracked 
|  95|0x0000000085f00000, 0x0000000085f00000, 0x0000000086000000|  0%| F|  |TAMS 0x0000000085f00000, 0x0000000085f00000| Untracked 
|  96|0x0000000086000000, 0x0000000086000000, 0x0000000086100000|  0%| F|  |TAMS 0x0000000086000000, 0x0000000086000000| Untracked 
|  97|0x0000000086100000, 0x0000000086100000, 0x0000000086200000|  0%| F|  |TAMS 0x0000000086100000, 0x0000000086100000| Untracked 
|  98|0x0000000086200000, 0x0000000086200000, 0x0000000086300000|  0%| F|  |TAMS 0x0000000086200000, 0x0000000086200000| Untracked 
|  99|0x0000000086300000, 0x0000000086300000, 0x0000000086400000|  0%| F|  |TAMS 0x0000000086300000, 0x0000000086300000| Untracked 
| 100|0x0000000086400000, 0x0000000086400000, 0x0000000086500000|  0%| F|  |TAMS 0x0000000086400000, 0x0000000086400000| Untracked 
| 101|0x0000000086500000, 0x0000000086500000, 0x0000000086600000|  0%| F|  |TAMS 0x0000000086500000, 0x0000000086500000| Untracked 
| 102|0x0000000086600000, 0x0000000086600000, 0x0000000086700000|  0%| F|  |TAMS 0x0000000086600000, 0x0000000086600000| Untracked 
| 103|0x0000000086700000, 0x0000000086700000, 0x0000000086800000|  0%| F|  |TAMS 0x0000000086700000, 0x0000000086700000| Untracked 
| 104|0x0000000086800000, 0x0000000086800000, 0x0000000086900000|  0%| F|  |TAMS 0x0000000086800000, 0x0000000086800000| Untracked 
| 105|0x0000000086900000, 0x0000000086900000, 0x0000000086a00000|  0%| F|  |TAMS 0x0000000086900000, 0x0000000086900000| Untracked 
| 106|0x0000000086a00000, 0x0000000086a00000, 0x0000000086b00000|  0%| F|  |TAMS 0x0000000086a00000, 0x0000000086a00000| Untracked 
| 107|0x0000000086b00000, 0x0000000086b00000, 0x0000000086c00000|  0%| F|  |TAMS 0x0000000086b00000, 0x0000000086b00000| Untracked 
| 108|0x0000000086c00000, 0x0000000086c00000, 0x0000000086d00000|  0%| F|  |TAMS 0x0000000086c00000, 0x0000000086c00000| Untracked 
| 109|0x0000000086d00000, 0x0000000086d00000, 0x0000000086e00000|  0%| F|  |TAMS 0x0000000086d00000, 0x0000000086d00000| Untracked 
| 110|0x0000000086e00000, 0x0000000086eb5ce0, 0x0000000086f00000| 71%| S|CS|TAMS 0x0000000086e00000, 0x0000000086e00000| Complete 
| 111|0x0000000086f00000, 0x0000000087000000, 0x0000000087000000|100%| S|CS|TAMS 0x0000000086f00000, 0x0000000086f00000| Complete 
| 112|0x0000000087000000, 0x0000000087100000, 0x0000000087100000|100%| S|CS|TAMS 0x0000000087000000, 0x0000000087000000| Complete 
| 113|0x0000000087100000, 0x0000000087200000, 0x0000000087200000|100%| S|CS|TAMS 0x0000000087100000, 0x0000000087100000| Complete 
| 114|0x0000000087200000, 0x0000000087300000, 0x0000000087300000|100%| S|CS|TAMS 0x0000000087200000, 0x0000000087200000| Complete 
| 115|0x0000000087300000, 0x0000000087300000, 0x0000000087400000|  0%| F|  |TAMS 0x0000000087300000, 0x0000000087300000| Untracked 
| 116|0x0000000087400000, 0x0000000087400000, 0x0000000087500000|  0%| F|  |TAMS 0x0000000087400000, 0x0000000087400000| Untracked 
| 117|0x0000000087500000, 0x0000000087500000, 0x0000000087600000|  0%| F|  |TAMS 0x0000000087500000, 0x0000000087500000| Untracked 
| 118|0x0000000087600000, 0x0000000087600000, 0x0000000087700000|  0%| F|  |TAMS 0x0000000087600000, 0x0000000087600000| Untracked 
| 119|0x0000000087700000, 0x0000000087800000, 0x0000000087800000|100%| S|CS|TAMS 0x0000000087700000, 0x0000000087700000| Complete 
| 120|0x0000000087800000, 0x0000000087800000, 0x0000000087900000|  0%| F|  |TAMS 0x0000000087800000, 0x0000000087800000| Untracked 
| 121|0x0000000087900000, 0x0000000087900000, 0x0000000087a00000|  0%| F|  |TAMS 0x0000000087900000, 0x0000000087900000| Untracked 
| 122|0x0000000087a00000, 0x0000000087a00000, 0x0000000087b00000|  0%| F|  |TAMS 0x0000000087a00000, 0x0000000087a00000| Untracked 
| 123|0x0000000087b00000, 0x0000000087b00000, 0x0000000087c00000|  0%| F|  |TAMS 0x0000000087b00000, 0x0000000087b00000| Untracked 
| 124|0x0000000087c00000, 0x0000000087c00000, 0x0000000087d00000|  0%| F|  |TAMS 0x0000000087c00000, 0x0000000087c00000| Untracked 
| 125|0x0000000087d00000, 0x0000000087d00000, 0x0000000087e00000|  0%| F|  |TAMS 0x0000000087d00000, 0x0000000087d00000| Untracked 
| 126|0x0000000087e00000, 0x0000000087e00000, 0x0000000087f00000|  0%| F|  |TAMS 0x0000000087e00000, 0x0000000087e00000| Untracked 
| 127|0x0000000087f00000, 0x0000000087f00000, 0x0000000088000000|  0%| F|  |TAMS 0x0000000087f00000, 0x0000000087f00000| Untracked 
| 128|0x0000000088000000, 0x0000000088000000, 0x0000000088100000|  0%| F|  |TAMS 0x0000000088000000, 0x0000000088000000| Untracked 
| 129|0x0000000088100000, 0x0000000088100000, 0x0000000088200000|  0%| F|  |TAMS 0x0000000088100000, 0x0000000088100000| Untracked 
| 130|0x0000000088200000, 0x0000000088200000, 0x0000000088300000|  0%| F|  |TAMS 0x0000000088200000, 0x0000000088200000| Untracked 
| 131|0x0000000088300000, 0x0000000088300000, 0x0000000088400000|  0%| F|  |TAMS 0x0000000088300000, 0x0000000088300000| Untracked 
| 132|0x0000000088400000, 0x0000000088400000, 0x0000000088500000|  0%| F|  |TAMS 0x0000000088400000, 0x0000000088400000| Untracked 
| 133|0x0000000088500000, 0x0000000088500000, 0x0000000088600000|  0%| F|  |TAMS 0x0000000088500000, 0x0000000088500000| Untracked 
| 134|0x0000000088600000, 0x0000000088600000, 0x0000000088700000|  0%| F|  |TAMS 0x0000000088600000, 0x0000000088600000| Untracked 
| 135|0x0000000088700000, 0x0000000088700000, 0x0000000088800000|  0%| F|  |TAMS 0x0000000088700000, 0x0000000088700000| Untracked 
| 136|0x0000000088800000, 0x0000000088800000, 0x0000000088900000|  0%| F|  |TAMS 0x0000000088800000, 0x0000000088800000| Untracked 
| 137|0x0000000088900000, 0x0000000088900000, 0x0000000088a00000|  0%| F|  |TAMS 0x0000000088900000, 0x0000000088900000| Untracked 
| 138|0x0000000088a00000, 0x0000000088a00000, 0x0000000088b00000|  0%| F|  |TAMS 0x0000000088a00000, 0x0000000088a00000| Untracked 
| 139|0x0000000088b00000, 0x0000000088b00000, 0x0000000088c00000|  0%| F|  |TAMS 0x0000000088b00000, 0x0000000088b00000| Untracked 
| 140|0x0000000088c00000, 0x0000000088c00000, 0x0000000088d00000|  0%| F|  |TAMS 0x0000000088c00000, 0x0000000088c00000| Untracked 
| 141|0x0000000088d00000, 0x0000000088d00000, 0x0000000088e00000|  0%| F|  |TAMS 0x0000000088d00000, 0x0000000088d00000| Untracked 
| 142|0x0000000088e00000, 0x0000000088e00000, 0x0000000088f00000|  0%| F|  |TAMS 0x0000000088e00000, 0x0000000088e00000| Untracked 
| 143|0x0000000088f00000, 0x0000000088f00000, 0x0000000089000000|  0%| F|  |TAMS 0x0000000088f00000, 0x0000000088f00000| Untracked 
| 144|0x0000000089000000, 0x0000000089000000, 0x0000000089100000|  0%| F|  |TAMS 0x0000000089000000, 0x0000000089000000| Untracked 
| 145|0x0000000089100000, 0x0000000089100000, 0x0000000089200000|  0%| F|  |TAMS 0x0000000089100000, 0x0000000089100000| Untracked 
| 146|0x0000000089200000, 0x0000000089200000, 0x0000000089300000|  0%| F|  |TAMS 0x0000000089200000, 0x0000000089200000| Untracked 
| 147|0x0000000089300000, 0x0000000089300000, 0x0000000089400000|  0%| F|  |TAMS 0x0000000089300000, 0x0000000089300000| Untracked 
| 148|0x0000000089400000, 0x0000000089400000, 0x0000000089500000|  0%| F|  |TAMS 0x0000000089400000, 0x0000000089400000| Untracked 
| 149|0x0000000089500000, 0x0000000089500000, 0x0000000089600000|  0%| F|  |TAMS 0x0000000089500000, 0x0000000089500000| Untracked 
| 150|0x0000000089600000, 0x0000000089600000, 0x0000000089700000|  0%| F|  |TAMS 0x0000000089600000, 0x0000000089600000| Untracked 
| 151|0x0000000089700000, 0x0000000089700000, 0x0000000089800000|  0%| F|  |TAMS 0x0000000089700000, 0x0000000089700000| Untracked 
| 152|0x0000000089800000, 0x0000000089800000, 0x0000000089900000|  0%| F|  |TAMS 0x0000000089800000, 0x0000000089800000| Untracked 
| 153|0x0000000089900000, 0x0000000089900000, 0x0000000089a00000|  0%| F|  |TAMS 0x0000000089900000, 0x0000000089900000| Untracked 
| 154|0x0000000089a00000, 0x0000000089a00000, 0x0000000089b00000|  0%| F|  |TAMS 0x0000000089a00000, 0x0000000089a00000| Untracked 
| 155|0x0000000089b00000, 0x0000000089b00000, 0x0000000089c00000|  0%| F|  |TAMS 0x0000000089b00000, 0x0000000089b00000| Untracked 
| 156|0x0000000089c00000, 0x0000000089c00000, 0x0000000089d00000|  0%| F|  |TAMS 0x0000000089c00000, 0x0000000089c00000| Untracked 
| 157|0x0000000089d00000, 0x0000000089d00000, 0x0000000089e00000|  0%| F|  |TAMS 0x0000000089d00000, 0x0000000089d00000| Untracked 
| 158|0x0000000089e00000, 0x0000000089e00000, 0x0000000089f00000|  0%| F|  |TAMS 0x0000000089e00000, 0x0000000089e00000| Untracked 
| 159|0x0000000089f00000, 0x0000000089f00000, 0x000000008a000000|  0%| F|  |TAMS 0x0000000089f00000, 0x0000000089f00000| Untracked 
| 160|0x000000008a000000, 0x000000008a000000, 0x000000008a100000|  0%| F|  |TAMS 0x000000008a000000, 0x000000008a000000| Untracked 
| 161|0x000000008a100000, 0x000000008a100000, 0x000000008a200000|  0%| F|  |TAMS 0x000000008a100000, 0x000000008a100000| Untracked 

Card table byte_map: [0x00000273fa680000,0x00000273faa80000] _byte_map_base: 0x00000273fa280000

Marking Bits (Prev, Next): (CMBitMap*) 0x00000273fa21fe00, (CMBitMap*) 0x00000273fa21fdc0
 Prev Bits: [0x00000273fce80000, 0x00000273fee80000)
 Next Bits: [0x00000273fae80000, 0x00000273fce80000)

Polling page: 0x00000273f8070000

Metaspace:

Usage:
  Non-class:     69.30 MB used.
      Class:     11.26 MB used.
       Both:     80.56 MB used.

Virtual space:
  Non-class space:      128.00 MB reserved,      69.69 MB ( 54%) committed,  2 nodes.
      Class space:      416.00 MB reserved,      11.62 MB (  3%) committed,  1 nodes.
             Both:      544.00 MB reserved,      81.31 MB ( 15%) committed. 

Chunk freelists:
   Non-Class:  9.78 MB
       Class:  4.38 MB
        Both:  14.16 MB

MaxMetaspaceSize: 512.00 MB
CompressedClassSpaceSize: 416.00 MB
Initial GC threshold: 21.00 MB
Current GC threshold: 117.31 MB
CDS: on
MetaspaceReclaimPolicy: balanced
 - commit_granule_bytes: 65536.
 - commit_granule_words: 8192.
 - virtual_space_node_default_size: 8388608.
 - enlarge_chunks_in_place: 1.
 - new_chunks_are_fully_committed: 0.
 - uncommit_free_chunks: 1.
 - use_allocation_guard: 0.
 - handle_deallocations: 1.


Internal statistics:

num_allocs_failed_limit: 3.
num_arena_births: 964.
num_arena_deaths: 0.
num_vsnodes_births: 3.
num_vsnodes_deaths: 0.
num_space_committed: 1301.
num_space_uncommitted: 0.
num_chunks_returned_to_freelist: 3.
num_chunks_taken_from_freelist: 4423.
num_chunk_merges: 3.
num_chunk_splits: 2951.
num_chunks_enlarged: 1944.
num_inconsistent_stats: 0.

CodeHeap 'non-profiled nmethods': size=120000Kb used=5307Kb max_used=5582Kb free=114692Kb
 bounds [0x00000273908c0000, 0x0000027390e50000, 0x0000027397df0000]
CodeHeap 'profiled nmethods': size=120000Kb used=17006Kb max_used=18443Kb free=102994Kb
 bounds [0x0000027388df0000, 0x000002738a000000, 0x0000027390320000]
CodeHeap 'non-nmethods': size=5760Kb used=2379Kb max_used=2469Kb free=3380Kb
 bounds [0x0000027390320000, 0x00000273905b0000, 0x00000273908c0000]
 total_blobs=9709 nmethods=8798 adapters=823
 compilation: enabled
              stopped_count=0, restarted_count=0
 full_count=0

Compilation events (20 events):
Event: 210.664 Thread 0x00000273ff3168e0 nmethod 10305 0x0000027390e33a90 code [0x0000027390e34480, 0x0000027390e3d990]
Event: 210.665 Thread 0x00000273ff3168e0 10315       4       org.codehaus.groovy.util.SingleKeyHashMap::get (67 bytes)
Event: 210.677 Thread 0x00000273ff3168e0 nmethod 10315 0x0000027390a2ec10 code [0x0000027390a2edc0, 0x0000027390a2f388]
Event: 210.677 Thread 0x00000273ff3168e0 10302       4       java.lang.reflect.Method::getTypeParameters (20 bytes)
Event: 210.706 Thread 0x00000273ff317a40 10318       1       org.codehaus.groovy.runtime.metaclass.ClosureMetaClass::isInitialized (5 bytes)
Event: 210.707 Thread 0x00000273ff317a40 nmethod 10318 0x0000027390ae4b10 code [0x0000027390ae4ca0, 0x0000027390ae4d78]
Event: 210.815 Thread 0x00000273ff3168e0 nmethod 10302 0x0000027390abfe90 code [0x0000027390ac01c0, 0x0000027390ac2ba8]
Event: 210.815 Thread 0x00000273ff3168e0 10303       4       java.lang.reflect.Modifier::toString (185 bytes)
Event: 210.873 Thread 0x00000273ff3168e0 nmethod 10303 0x0000027390c33e10 code [0x0000027390c34080, 0x0000027390c35e28]
Event: 211.173 Thread 0x00000273ff3168e0 10319       4       java.lang.reflect.Method::getExceptionTypes (11 bytes)
Event: 211.174 Thread 0x00000273ff317a40 10320       3       java.lang.reflect.Method::getGenericInfo (5 bytes)
Event: 211.174 Thread 0x00000273ff317a40 nmethod 10320 0x0000027389168e10 code [0x0000027389169040, 0x0000027389169968]
Event: 211.175 Thread 0x00000273ff3168e0 nmethod 10319 0x0000027390d5fd90 code [0x0000027390d5ff20, 0x0000027390d60098]
Event: 211.179 Thread 0x00000273ff317a40 10321       3       java.lang.reflect.Executable::isVarArgs (17 bytes)
Event: 211.179 Thread 0x00000273ff317a40 nmethod 10321 0x0000027389bf7890 code [0x0000027389bf7a40, 0x0000027389bf7c68]
Event: 211.186 Thread 0x00000273ff317a40 10322       3       org.codehaus.groovy.reflection.CachedMethod::makeAccessibleIfNecessary (21 bytes)
Event: 211.188 Thread 0x00000273ff317a40 nmethod 10322 0x00000273894daf10 code [0x00000273894db160, 0x00000273894dbc28]
Event: 211.188 Thread 0x00000273ff317a40 10323   !   3       org.codehaus.groovy.reflection.AccessPermissionChecker::checkAccessPermission (26 bytes)
Event: 211.190 Thread 0x00000273ff317a40 nmethod 10323 0x0000027389154a90 code [0x0000027389154c40, 0x0000027389154eb8]
Event: 211.265 Thread 0x00000273ff3168e0 10324 %     4       groovy.lang.MetaClassImpl::inheritInterfaceNewMetaMethods @ 100 (195 bytes)

GC Heap History (20 events):
Event: 147.543 GC heap after
{Heap after GC invocations=50 (full 0):
 garbage-first heap   total 116736K, used 69222K [0x0000000080000000, 0x0000000100000000)
  region size 1024K, 1 young (1024K), 1 survivors (1024K)
 Metaspace       used 64738K, committed 65472K, reserved 491520K
  class space    used 9130K, committed 9472K, reserved 425984K
}
Event: 149.376 GC heap before
{Heap before GC invocations=50 (full 0):
 garbage-first heap   total 116736K, used 93798K [0x0000000080000000, 0x0000000100000000)
  region size 1024K, 26 young (26624K), 1 survivors (1024K)
 Metaspace       used 66796K, committed 67456K, reserved 491520K
  class space    used 9496K, committed 9792K, reserved 425984K
}
Event: 149.382 GC heap after
{Heap after GC invocations=51 (full 0):
 garbage-first heap   total 145408K, used 70572K [0x0000000080000000, 0x0000000100000000)
  region size 1024K, 2 young (2048K), 2 survivors (2048K)
 Metaspace       used 66796K, committed 67456K, reserved 491520K
  class space    used 9496K, committed 9792K, reserved 425984K
}
Event: 154.355 GC heap before
{Heap before GC invocations=52 (full 0):
 garbage-first heap   total 145408K, used 115628K [0x0000000080000000, 0x0000000100000000)
  region size 1024K, 47 young (48128K), 2 survivors (2048K)
 Metaspace       used 67821K, committed 68480K, reserved 491520K
  class space    used 9652K, committed 9984K, reserved 425984K
}
Event: 154.364 GC heap after
{Heap after GC invocations=53 (full 0):
 garbage-first heap   total 145408K, used 74074K [0x0000000080000000, 0x0000000100000000)
  region size 1024K, 6 young (6144K), 6 survivors (6144K)
 Metaspace       used 67821K, committed 68480K, reserved 491520K
  class space    used 9652K, committed 9984K, reserved 425984K
}
Event: 154.382 GC heap before
{Heap before GC invocations=53 (full 0):
 garbage-first heap   total 145408K, used 75098K [0x0000000080000000, 0x0000000100000000)
  region size 1024K, 7 young (7168K), 6 survivors (6144K)
 Metaspace       used 67824K, committed 68480K, reserved 491520K
  class space    used 9652K, committed 9984K, reserved 425984K
}
Event: 154.403 GC heap after
{Heap after GC invocations=54 (full 0):
 garbage-first heap   total 145408K, used 74213K [0x0000000080000000, 0x0000000100000000)
  region size 1024K, 1 young (1024K), 1 survivors (1024K)
 Metaspace       used 67824K, committed 68480K, reserved 491520K
  class space    used 9652K, committed 9984K, reserved 425984K
}
Event: 157.615 GC heap before
{Heap before GC invocations=54 (full 0):
 garbage-first heap   total 145408K, used 122341K [0x0000000080000000, 0x0000000100000000)
  region size 1024K, 43 young (44032K), 1 survivors (1024K)
 Metaspace       used 70112K, committed 70912K, reserved 491520K
  class space    used 9938K, committed 10304K, reserved 425984K
}
Event: 157.622 GC heap after
{Heap after GC invocations=55 (full 0):
 garbage-first heap   total 145408K, used 86016K [0x0000000080000000, 0x0000000100000000)
  region size 1024K, 6 young (6144K), 6 survivors (6144K)
 Metaspace       used 70112K, committed 70912K, reserved 491520K
  class space    used 9938K, committed 10304K, reserved 425984K
}
Event: 160.096 GC heap before
{Heap before GC invocations=56 (full 0):
 garbage-first heap   total 165888K, used 116736K [0x0000000080000000, 0x0000000100000000)
  region size 1024K, 37 young (37888K), 6 survivors (6144K)
 Metaspace       used 73476K, committed 74240K, reserved 491520K
  class space    used 10309K, committed 10688K, reserved 425984K
}
Event: 160.127 GC heap after
{Heap after GC invocations=57 (full 0):
 garbage-first heap   total 165888K, used 88394K [0x0000000080000000, 0x0000000100000000)
  region size 1024K, 3 young (3072K), 3 survivors (3072K)
 Metaspace       used 73476K, committed 74240K, reserved 491520K
  class space    used 10309K, committed 10688K, reserved 425984K
}
Event: 160.333 GC heap before
{Heap before GC invocations=57 (full 0):
 garbage-first heap   total 165888K, used 93514K [0x0000000080000000, 0x0000000100000000)
  region size 1024K, 8 young (8192K), 3 survivors (3072K)
 Metaspace       used 73747K, committed 74560K, reserved 491520K
  class space    used 10340K, committed 10752K, reserved 425984K
}
Event: 160.353 GC heap after
{Heap after GC invocations=58 (full 0):
 garbage-first heap   total 165888K, used 89427K [0x0000000080000000, 0x0000000100000000)
  region size 1024K, 1 young (1024K), 1 survivors (1024K)
 Metaspace       used 73747K, committed 74560K, reserved 491520K
  class space    used 10340K, committed 10752K, reserved 425984K
}
Event: 161.536 GC heap before
{Heap before GC invocations=58 (full 0):
 garbage-first heap   total 165888K, used 137555K [0x0000000080000000, 0x0000000100000000)
  region size 1024K, 43 young (44032K), 1 survivors (1024K)
 Metaspace       used 76137K, committed 76928K, reserved 557056K
  class space    used 10661K, committed 11072K, reserved 425984K
}
Event: 161.548 GC heap after
{Heap after GC invocations=59 (full 0):
 garbage-first heap   total 165888K, used 90883K [0x0000000080000000, 0x0000000100000000)
  region size 1024K, 4 young (4096K), 4 survivors (4096K)
 Metaspace       used 76137K, committed 76928K, reserved 557056K
  class space    used 10661K, committed 11072K, reserved 425984K
}
Event: 162.983 GC heap before
{Heap before GC invocations=59 (full 0):
 garbage-first heap   total 165888K, used 133891K [0x0000000080000000, 0x0000000100000000)
  region size 1024K, 46 young (47104K), 4 survivors (4096K)
 Metaspace       used 79310K, committed 80128K, reserved 557056K
  class space    used 11094K, committed 11520K, reserved 425984K
}
Event: 162.989 GC heap after
{Heap after GC invocations=60 (full 0):
 garbage-first heap   total 165888K, used 92864K [0x0000000080000000, 0x0000000100000000)
  region size 1024K, 5 young (5120K), 5 survivors (5120K)
 Metaspace       used 79310K, committed 80128K, reserved 557056K
  class space    used 11094K, committed 11520K, reserved 425984K
}
Event: 165.172 GC heap before
{Heap before GC invocations=60 (full 0):
 garbage-first heap   total 165888K, used 135872K [0x0000000080000000, 0x0000000100000000)
  region size 1024K, 47 young (48128K), 5 survivors (5120K)
 Metaspace       used 82130K, committed 82944K, reserved 557056K
  class space    used 11491K, committed 11904K, reserved 425984K
}
Event: 165.213 GC heap after
{Heap after GC invocations=61 (full 0):
 garbage-first heap   total 165888K, used 95013K [0x0000000080000000, 0x0000000100000000)
  region size 1024K, 4 young (4096K), 4 survivors (4096K)
 Metaspace       used 82130K, committed 82944K, reserved 557056K
  class space    used 11491K, committed 11904K, reserved 425984K
}
Event: 211.409 GC heap before
{Heap before GC invocations=61 (full 0):
 garbage-first heap   total 165888K, used 138021K [0x0000000080000000, 0x0000000100000000)
  region size 1024K, 46 young (47104K), 4 survivors (4096K)
 Metaspace       used 82496K, committed 83264K, reserved 557056K
  class space    used 11532K, committed 11904K, reserved 425984K
}

Dll operation events (15 events):
Event: 0.067 Loaded shared library C:\Program Files\OpenLogic\jdk-17.0.11.9-hotspot\bin\java.dll
Event: 0.408 Loaded shared library C:\Program Files\OpenLogic\jdk-17.0.11.9-hotspot\bin\jsvml.dll
Event: 2.160 Loaded shared library C:\Program Files\OpenLogic\jdk-17.0.11.9-hotspot\bin\zip.dll
Event: 2.172 Loaded shared library C:\Program Files\OpenLogic\jdk-17.0.11.9-hotspot\bin\instrument.dll
Event: 2.380 Loaded shared library C:\Program Files\OpenLogic\jdk-17.0.11.9-hotspot\bin\net.dll
Event: 2.382 Loaded shared library C:\Program Files\OpenLogic\jdk-17.0.11.9-hotspot\bin\nio.dll
Event: 2.392 Loaded shared library C:\Program Files\OpenLogic\jdk-17.0.11.9-hotspot\bin\zip.dll
Event: 4.842 Loaded shared library C:\Program Files\OpenLogic\jdk-17.0.11.9-hotspot\bin\jimage.dll
Event: 5.402 Loaded shared library C:\Program Files\OpenLogic\jdk-17.0.11.9-hotspot\bin\verify.dll
Event: 8.330 Loaded shared library C:\Users\DELL\.gradle\native\c067742578af261105cb4f569cf0c3c89f3d7b1fecec35dd04571415982c5e48\windows-amd64\native-platform.dll
Event: 8.611 Loaded shared library C:\Users\DELL\.gradle\native\38dada09dfb8b06ba9b0570ebf7e218e3eb74d4ef43ca46872605cf95ebc2f47\windows-amd64\native-platform-file-events.dll
Event: 18.700 Loaded shared library C:\Program Files\OpenLogic\jdk-17.0.11.9-hotspot\bin\management.dll
Event: 18.704 Loaded shared library C:\Program Files\OpenLogic\jdk-17.0.11.9-hotspot\bin\management_ext.dll
Event: 20.669 Loaded shared library C:\Program Files\OpenLogic\jdk-17.0.11.9-hotspot\bin\extnet.dll
Event: 22.893 Loaded shared library C:\Program Files\OpenLogic\jdk-17.0.11.9-hotspot\bin\sunmscapi.dll

Deoptimization events (20 events):
Event: 165.791 Thread 0x00000273b93d5480 Uncommon trap: trap_request=0xffffff45 fr.pc=0x0000027390c99598 relative=0x00000000000013f8
Event: 165.791 Thread 0x00000273b93d5480 Uncommon trap: reason=unstable_if action=reinterpret pc=0x0000027390c99598 method=org.codehaus.groovy.runtime.metaclass.MetaMethodIndex.isOverridden(Lgroovy/lang/MetaMethod;Lgroovy/lang/MetaMethod;)Z @ 52 c2
Event: 165.791 Thread 0x00000273b93d5480 DEOPT PACKING pc=0x0000027390c99598 sp=0x000000d70ebf09b0
Event: 165.791 Thread 0x00000273b93d5480 DEOPT UNPACKING pc=0x00000273903769a3 sp=0x000000d70ebf0908 mode 2
Event: 208.754 Thread 0x00000273b93d5480 Uncommon trap: trap_request=0xffffffde fr.pc=0x0000027390d030ec relative=0x00000000000002ac
Event: 208.754 Thread 0x00000273b93d5480 Uncommon trap: reason=class_check action=maybe_recompile pc=0x0000027390d030ec method=com.google.common.collect.ComparatorOrdering.compare(Ljava/lang/Object;Ljava/lang/Object;)I @ 6 c2
Event: 208.754 Thread 0x00000273b93d5480 DEOPT PACKING pc=0x0000027390d030ec sp=0x000000d70ebef9f0
Event: 208.755 Thread 0x00000273b93d5480 DEOPT UNPACKING pc=0x00000273903769a3 sp=0x000000d70ebef968 mode 2
Event: 208.755 Thread 0x00000273b93d5480 Uncommon trap: trap_request=0xffffffde fr.pc=0x0000027390d030ec relative=0x00000000000002ac
Event: 208.755 Thread 0x00000273b93d5480 Uncommon trap: reason=class_check action=maybe_recompile pc=0x0000027390d030ec method=com.google.common.collect.ComparatorOrdering.compare(Ljava/lang/Object;Ljava/lang/Object;)I @ 6 c2
Event: 208.755 Thread 0x00000273b93d5480 DEOPT PACKING pc=0x0000027390d030ec sp=0x000000d70ebef9f0
Event: 208.755 Thread 0x00000273b93d5480 DEOPT UNPACKING pc=0x00000273903769a3 sp=0x000000d70ebef968 mode 2
Event: 208.755 Thread 0x00000273b93d5480 Uncommon trap: trap_request=0xffffffde fr.pc=0x0000027390d030ec relative=0x00000000000002ac
Event: 208.755 Thread 0x00000273b93d5480 Uncommon trap: reason=class_check action=maybe_recompile pc=0x0000027390d030ec method=com.google.common.collect.ComparatorOrdering.compare(Ljava/lang/Object;Ljava/lang/Object;)I @ 6 c2
Event: 208.755 Thread 0x00000273b93d5480 DEOPT PACKING pc=0x0000027390d030ec sp=0x000000d70ebef9d0
Event: 208.755 Thread 0x00000273b93d5480 DEOPT UNPACKING pc=0x00000273903769a3 sp=0x000000d70ebef948 mode 2
Event: 209.109 Thread 0x00000273b93d5480 Uncommon trap: trap_request=0xffffffc6 fr.pc=0x0000027390b42fbc relative=0x000000000000067c
Event: 209.109 Thread 0x00000273b93d5480 Uncommon trap: reason=bimorphic_or_optimized_type_check action=maybe_recompile pc=0x0000027390b42fbc method=groovy.lang.MetaClassImpl.filterPropertyMethod(Ljava/lang/Object;ZZ)Ljava/lang/Object; @ 38 c2
Event: 209.109 Thread 0x00000273b93d5480 DEOPT PACKING pc=0x0000027390b42fbc sp=0x000000d70ebf3c10
Event: 209.109 Thread 0x00000273b93d5480 DEOPT UNPACKING pc=0x00000273903769a3 sp=0x000000d70ebf3b78 mode 2

Classes unloaded (0 events):
No events

Classes redefined (0 events):
No events

Internal exceptions (20 events):
Event: 166.112 Thread 0x00000273b93d5480 Exception <a 'java/lang/ClassNotFoundException'{0x00000000881d9e70}: build_58qxpq27u0inwm1zkgevwscwn$_run_closure2$_closure6BeanInfo> (0x00000000881d9e70) 
thrown [s\src\hotspot\share\classfile\systemDictionary.cpp, line 256]
Event: 166.113 Thread 0x00000273b93d5480 Exception <a 'java/lang/ClassNotFoundException'{0x00000000881e7c58}: build_58qxpq27u0inwm1zkgevwscwn$_run_closure2$_closure6Customizer> (0x00000000881e7c58) 
thrown [s\src\hotspot\share\classfile\systemDictionary.cpp, line 256]
Event: 208.889 Thread 0x00000273b93d5480 Exception <a 'java/lang/ClassNotFoundException'{0x0000000087d7cb40}: org/gradle/api/DefaultTask_DecoratedBeanInfo> (0x0000000087d7cb40) 
thrown [s\src\hotspot\share\classfile\systemDictionary.cpp, line 256]
Event: 208.897 Thread 0x00000273b93d5480 Exception <a 'java/lang/ClassNotFoundException'{0x0000000087d98918}: org/gradle/api/DefaultTaskBeanInfo> (0x0000000087d98918) 
thrown [s\src\hotspot\share\classfile\systemDictionary.cpp, line 256]
Event: 208.904 Thread 0x00000273b93d5480 Exception <a 'java/lang/ClassNotFoundException'{0x0000000087db5288}: org/gradle/api/internal/AbstractTaskBeanInfo> (0x0000000087db5288) 
thrown [s\src\hotspot\share\classfile\systemDictionary.cpp, line 256]
Event: 208.910 Thread 0x00000273b93d5480 Exception <a 'java/lang/ClassNotFoundException'{0x0000000087dd1180}: org/gradle/api/internal/AbstractTaskCustomizer> (0x0000000087dd1180) 
thrown [s\src\hotspot\share\classfile\systemDictionary.cpp, line 256]
Event: 208.965 Thread 0x00000273b93d5480 Exception <a 'java/lang/ClassNotFoundException'{0x0000000087c3f778}: org/gradle/api/DefaultTaskCustomizer> (0x0000000087c3f778) 
thrown [s\src\hotspot\share\classfile\systemDictionary.cpp, line 256]
Event: 208.984 Thread 0x00000273b93d5480 Exception <a 'java/lang/ClassNotFoundException'{0x0000000087cb7e28}: org/gradle/api/DefaultTask_DecoratedCustomizer> (0x0000000087cb7e28) 
thrown [s\src\hotspot\share\classfile\systemDictionary.cpp, line 256]
Event: 209.098 Thread 0x00000273b93d5480 Exception <a 'java/lang/ClassNotFoundException'{0x0000000087b40730}: java/util/regex/MatcherBeanInfo> (0x0000000087b40730) 
thrown [s\src\hotspot\share\classfile\systemDictionary.cpp, line 256]
Event: 209.105 Thread 0x00000273b93d5480 Exception <a 'java/lang/ClassNotFoundException'{0x0000000087b4a818}: java/util/regex/MatcherCustomizer> (0x0000000087b4a818) 
thrown [s\src\hotspot\share\classfile\systemDictionary.cpp, line 256]
Event: 209.191 Thread 0x00000273b93d5480 Exception <a 'java/lang/ClassNotFoundException'{0x0000000087a02800}: com/android/build/gradle/internal/api/DefaultAndroidSourceSet_DecoratedBeanInfo> (0x0000000087a02800) 
thrown [s\src\hotspot\share\classfile\systemDictionary.cpp, line 256]
Event: 209.204 Thread 0x00000273b93d5480 Exception <a 'java/lang/ClassNotFoundException'{0x0000000087a14d28}: com/android/build/gradle/internal/api/DefaultAndroidSourceSetBeanInfo> (0x0000000087a14d28) 
thrown [s\src\hotspot\share\classfile\systemDictionary.cpp, line 256]
Event: 209.224 Thread 0x00000273b93d5480 Exception <a 'java/lang/ClassNotFoundException'{0x0000000087a272b0}: com/android/build/gradle/internal/api/DefaultAndroidSourceSetCustomizer> (0x0000000087a272b0) 
thrown [s\src\hotspot\share\classfile\systemDictionary.cpp, line 256]
Event: 209.242 Thread 0x00000273b93d5480 Exception <a 'java/lang/ClassNotFoundException'{0x0000000087a912b0}: com/android/build/gradle/internal/api/DefaultAndroidSourceSet_DecoratedCustomizer> (0x0000000087a912b0) 
thrown [s\src\hotspot\share\classfile\systemDictionary.cpp, line 256]
Event: 211.166 Thread 0x00000273b93d5480 Exception <a 'java/lang/ClassNotFoundException'{0x000000008793d0c0}: com/android/build/gradle/internal/api/DefaultAndroidSourceDirectorySetBeanInfo> (0x000000008793d0c0) 
thrown [s\src\hotspot\share\classfile\systemDictionary.cpp, line 256]
Event: 211.172 Thread 0x00000273b93d5480 Exception <a 'java/lang/ClassNotFoundException'{0x0000000087950a00}: com/android/build/gradle/internal/api/DefaultAndroidSourceDirectorySetCustomizer> (0x0000000087950a00) 
thrown [s\src\hotspot\share\classfile\systemDictionary.cpp, line 256]
Event: 211.271 Thread 0x00000273b93d5480 Exception <a 'java/lang/ClassNotFoundException'{0x000000008787a9d0}: com/google/common/collect/SingletonImmutableSetBeanInfo> (0x000000008787a9d0) 
thrown [s\src\hotspot\share\classfile\systemDictionary.cpp, line 256]
Event: 211.285 Thread 0x00000273b93d5480 Exception <a 'java/lang/ClassNotFoundException'{0x000000008788e0f8}: com/google/common/collect/ImmutableSetBeanInfo> (0x000000008788e0f8) 
thrown [s\src\hotspot\share\classfile\systemDictionary.cpp, line 256]
Event: 211.289 Thread 0x00000273b93d5480 Exception <a 'java/lang/ClassNotFoundException'{0x00000000878a15c8}: com/google/common/collect/ImmutableCollectionBeanInfo> (0x00000000878a15c8) 
thrown [s\src\hotspot\share\classfile\systemDictionary.cpp, line 256]
Event: 211.292 Thread 0x00000273b93d5480 Exception <a 'java/lang/ClassNotFoundException'{0x00000000878b4b10}: com/google/common/collect/ImmutableCollectionCustomizer> (0x00000000878b4b10) 
thrown [s\src\hotspot\share\classfile\systemDictionary.cpp, line 256]

VM Operations (20 events):
Event: 166.220 Executing VM operation: Cleanup done
Event: 167.231 Executing VM operation: Cleanup
Event: 167.231 Executing VM operation: Cleanup done
Event: 172.265 Executing VM operation: Cleanup
Event: 172.265 Executing VM operation: Cleanup done
Event: 180.344 Executing VM operation: Cleanup
Event: 180.344 Executing VM operation: Cleanup done
Event: 180.750 Executing VM operation: HandshakeAllThreads
Event: 180.750 Executing VM operation: HandshakeAllThreads done
Event: 194.892 Executing VM operation: Cleanup
Event: 194.892 Executing VM operation: Cleanup done
Event: 197.922 Executing VM operation: Cleanup
Event: 197.922 Executing VM operation: Cleanup done
Event: 200.948 Executing VM operation: Cleanup
Event: 200.948 Executing VM operation: Cleanup done
Event: 209.015 Executing VM operation: Cleanup
Event: 209.016 Executing VM operation: Cleanup done
Event: 210.033 Executing VM operation: Cleanup
Event: 210.375 Executing VM operation: Cleanup done
Event: 211.360 Executing VM operation: G1CollectForAllocation

Events (20 events):
Event: 164.836 loading class org/xml/sax/EntityResolver done
Event: 164.836 loading class org/xml/sax/DTDHandler
Event: 164.836 loading class org/xml/sax/DTDHandler done
Event: 164.866 loading class java/util/Spliterators$IntArraySpliterator
Event: 164.867 loading class java/util/Spliterators$IntArraySpliterator done
Event: 164.877 loading class java/text/ParsePosition
Event: 164.878 loading class java/text/ParsePosition done
Event: 164.899 loading class java/text/CharacterIterator
Event: 164.900 loading class java/text/CharacterIterator done
Event: 165.393 loading class java/beans/IntrospectionException
Event: 165.402 loading class java/beans/IntrospectionException done
Event: 208.243 Thread 0x00000273baa0e4b0 Thread exited: 0x00000273baa0e4b0
Event: 209.093 loading class java/util/regex/MatcherBeanInfo
Event: 209.094 loading class java/util/regex/MatcherBeanInfo done
Event: 209.098 loading class java/util/regex/MatcherBeanInfo
Event: 209.098 loading class java/util/regex/MatcherBeanInfo done
Event: 209.100 loading class java/util/regex/MatcherCustomizer
Event: 209.102 loading class java/util/regex/MatcherCustomizer done
Event: 209.105 loading class java/util/regex/MatcherCustomizer
Event: 209.105 loading class java/util/regex/MatcherCustomizer done


Dynamic libraries:
0x00007ff649970000 - 0x00007ff64997e000 	C:\Program Files\OpenLogic\jdk-17.0.11.9-hotspot\bin\java.exe
0x00007fff1e7d0000 - 0x00007fff1e9c8000 	C:\Windows\SYSTEM32\ntdll.dll
0x00007fff1e080000 - 0x00007fff1e13d000 	C:\Windows\System32\KERNEL32.DLL
0x00007fff1c1b0000 - 0x00007fff1c4a6000 	C:\Windows\System32\KERNELBASE.dll
0x00007fff1bf20000 - 0x00007fff1c020000 	C:\Windows\System32\ucrtbase.dll
0x00007fff15ee0000 - 0x00007fff15efb000 	C:\Program Files\OpenLogic\jdk-17.0.11.9-hotspot\bin\VCRUNTIME140.dll
0x00007fff14d10000 - 0x00007fff14d27000 	C:\Program Files\OpenLogic\jdk-17.0.11.9-hotspot\bin\jli.dll
0x00007fff1c820000 - 0x00007fff1c9bf000 	C:\Windows\System32\USER32.dll
0x00007fff1c180000 - 0x00007fff1c1a2000 	C:\Windows\System32\win32u.dll
0x00007fff1e2c0000 - 0x00007fff1e2eb000 	C:\Windows\System32\GDI32.dll
0x00007fff1c550000 - 0x00007fff1c667000 	C:\Windows\System32\gdi32full.dll
0x00007fff1c4b0000 - 0x00007fff1c54d000 	C:\Windows\System32\msvcp_win.dll
0x00007fff07370000 - 0x00007fff0760a000 	C:\Windows\WinSxS\amd64_microsoft.windows.common-controls_6595b64144ccf1df_6.0.19041.4355_none_60b8b9eb71f62e16\COMCTL32.dll
0x00007fff1cfd0000 - 0x00007fff1d06e000 	C:\Windows\System32\msvcrt.dll
0x00007fff1cf00000 - 0x00007fff1cf2f000 	C:\Windows\System32\IMM32.DLL
0x00007fff14d00000 - 0x00007fff14d0c000 	C:\Program Files\OpenLogic\jdk-17.0.11.9-hotspot\bin\vcruntime140_1.dll
0x00007ffeeca60000 - 0x00007ffeecaed000 	C:\Program Files\OpenLogic\jdk-17.0.11.9-hotspot\bin\msvcp140.dll
0x00007ffeb9650000 - 0x00007ffeba2b2000 	C:\Program Files\OpenLogic\jdk-17.0.11.9-hotspot\bin\server\jvm.dll
0x00007fff1cd20000 - 0x00007fff1cdd0000 	C:\Windows\System32\ADVAPI32.dll
0x00007fff1e5d0000 - 0x00007fff1e670000 	C:\Windows\System32\sechost.dll
0x00007fff1df50000 - 0x00007fff1e073000 	C:\Windows\System32\RPCRT4.dll
0x00007fff1c790000 - 0x00007fff1c7b7000 	C:\Windows\System32\bcrypt.dll
0x00007fff1bce0000 - 0x00007fff1bd2b000 	C:\Windows\SYSTEM32\POWRPROF.dll
0x00007fff086f0000 - 0x00007fff086f9000 	C:\Windows\SYSTEM32\WSOCK32.dll
0x00007fff1e140000 - 0x00007fff1e1ab000 	C:\Windows\System32\WS2_32.dll
0x00007ffefb010000 - 0x00007ffefb037000 	C:\Windows\SYSTEM32\WINMM.dll
0x00007fff14f10000 - 0x00007fff14f1a000 	C:\Windows\SYSTEM32\VERSION.dll
0x00007fff1bcc0000 - 0x00007fff1bcd2000 	C:\Windows\SYSTEM32\UMPDC.dll
0x00007fff1a6a0000 - 0x00007fff1a6b2000 	C:\Windows\SYSTEM32\kernel.appcore.dll
0x00007fff14a50000 - 0x00007fff14a5a000 	C:\Program Files\OpenLogic\jdk-17.0.11.9-hotspot\bin\jimage.dll
0x00007fff19c00000 - 0x00007fff19de4000 	C:\Windows\SYSTEM32\DBGHELP.DLL
0x00007ffefcaa0000 - 0x00007ffefcad4000 	C:\Windows\SYSTEM32\dbgcore.DLL
0x00007fff1be90000 - 0x00007fff1bf12000 	C:\Windows\System32\bcryptPrimitives.dll
0x00007fff08b50000 - 0x00007fff08b5e000 	C:\Program Files\OpenLogic\jdk-17.0.11.9-hotspot\bin\instrument.dll
0x00007fff10dd0000 - 0x00007fff10df5000 	C:\Program Files\OpenLogic\jdk-17.0.11.9-hotspot\bin\java.dll
0x00007ffeea180000 - 0x00007ffeea256000 	C:\Program Files\OpenLogic\jdk-17.0.11.9-hotspot\bin\jsvml.dll
0x00007fff1d240000 - 0x00007fff1d9ac000 	C:\Windows\System32\SHELL32.dll
0x00007fff19df0000 - 0x00007fff1a58d000 	C:\Windows\SYSTEM32\windows.storage.dll
0x00007fff1c9c0000 - 0x00007fff1cd13000 	C:\Windows\System32\combase.dll
0x00007fff1b7e0000 - 0x00007fff1b80e000 	C:\Windows\SYSTEM32\Wldp.dll
0x00007fff1e430000 - 0x00007fff1e4fd000 	C:\Windows\System32\OLEAUT32.dll
0x00007fff1e210000 - 0x00007fff1e2bd000 	C:\Windows\System32\SHCORE.dll
0x00007fff1e2f0000 - 0x00007fff1e345000 	C:\Windows\System32\shlwapi.dll
0x00007fff1bdc0000 - 0x00007fff1bde4000 	C:\Windows\SYSTEM32\profapi.dll
0x00007fff0e860000 - 0x00007fff0e878000 	C:\Program Files\OpenLogic\jdk-17.0.11.9-hotspot\bin\zip.dll
0x00007fff0f7e0000 - 0x00007fff0f7f9000 	C:\Program Files\OpenLogic\jdk-17.0.11.9-hotspot\bin\net.dll
0x00007fff12460000 - 0x00007fff1256a000 	C:\Windows\SYSTEM32\WINHTTP.dll
0x00007fff1b540000 - 0x00007fff1b5aa000 	C:\Windows\system32\mswsock.dll
0x00007fff0e880000 - 0x00007fff0e896000 	C:\Program Files\OpenLogic\jdk-17.0.11.9-hotspot\bin\nio.dll
0x00007fff14a40000 - 0x00007fff14a50000 	C:\Program Files\OpenLogic\jdk-17.0.11.9-hotspot\bin\verify.dll
0x00007fff0e830000 - 0x00007fff0e857000 	C:\Users\DELL\.gradle\native\c067742578af261105cb4f569cf0c3c89f3d7b1fecec35dd04571415982c5e48\windows-amd64\native-platform.dll
0x00007ffeea030000 - 0x00007ffeea174000 	C:\Users\DELL\.gradle\native\38dada09dfb8b06ba9b0570ebf7e218e3eb74d4ef43ca46872605cf95ebc2f47\windows-amd64\native-platform-file-events.dll
0x00007fff103c0000 - 0x00007fff103c9000 	C:\Program Files\OpenLogic\jdk-17.0.11.9-hotspot\bin\management.dll
0x00007fff0e820000 - 0x00007fff0e82b000 	C:\Program Files\OpenLogic\jdk-17.0.11.9-hotspot\bin\management_ext.dll
0x00007fff1c810000 - 0x00007fff1c818000 	C:\Windows\System32\PSAPI.DLL
0x00007fff1b740000 - 0x00007fff1b758000 	C:\Windows\SYSTEM32\CRYPTSP.dll
0x00007fff1ae60000 - 0x00007fff1ae94000 	C:\Windows\system32\rsaenh.dll
0x00007fff1bd70000 - 0x00007fff1bd9e000 	C:\Windows\SYSTEM32\USERENV.dll
0x00007fff1b730000 - 0x00007fff1b73c000 	C:\Windows\SYSTEM32\CRYPTBASE.dll
0x00007fff1b220000 - 0x00007fff1b25b000 	C:\Windows\SYSTEM32\IPHLPAPI.DLL
0x00007fff1e560000 - 0x00007fff1e568000 	C:\Windows\System32\NSI.dll
0x00007fff13110000 - 0x00007fff13127000 	C:\Windows\SYSTEM32\dhcpcsvc6.DLL
0x00007fff14570000 - 0x00007fff1458d000 	C:\Windows\SYSTEM32\dhcpcsvc.DLL
0x00007fff1b260000 - 0x00007fff1b32a000 	C:\Windows\SYSTEM32\DNSAPI.dll
0x00007fff0e780000 - 0x00007fff0e788000 	C:\Program Files\OpenLogic\jdk-17.0.11.9-hotspot\bin\extnet.dll
0x00007fff089b0000 - 0x00007fff089be000 	C:\Program Files\OpenLogic\jdk-17.0.11.9-hotspot\bin\sunmscapi.dll
0x00007fff1c020000 - 0x00007fff1c17e000 	C:\Windows\System32\CRYPT32.dll
0x00007fff1b850000 - 0x00007fff1b879000 	C:\Windows\SYSTEM32\ncrypt.dll
0x00007fff1b810000 - 0x00007fff1b84b000 	C:\Windows\SYSTEM32\NTASN1.dll
0x00007fff10240000 - 0x00007fff10247000 	C:\Windows\system32\wshunix.dll
0x00007fff13ee0000 - 0x00007fff13ef7000 	C:\Windows\system32\napinsp.dll
0x00007fff054d0000 - 0x00007fff054eb000 	C:\Windows\system32\pnrpnsp.dll
0x00007fff18390000 - 0x00007fff183a5000 	C:\Windows\system32\wshbth.dll
0x00007fff16d10000 - 0x00007fff16d2d000 	C:\Windows\system32\NLAapi.dll
0x00007fff054b0000 - 0x00007fff054c2000 	C:\Windows\System32\winrnr.dll
0x00007fff102e0000 - 0x00007fff102ea000 	C:\Windows\System32\rasadhlp.dll
0x00007fff0edb0000 - 0x00007fff0ee30000 	C:\Windows\System32\fwpuclnt.dll

dbghelp: loaded successfully - version: 4.0.5 - missing functions: none
symbol engine: initialized successfully - sym options: 0x614 - pdb path: .;C:\Program Files\OpenLogic\jdk-17.0.11.9-hotspot\bin;C:\Windows\SYSTEM32;C:\Windows\WinSxS\amd64_microsoft.windows.common-controls_6595b64144ccf1df_6.0.19041.4355_none_60b8b9eb71f62e16;C:\Program Files\OpenLogic\jdk-17.0.11.9-hotspot\bin\server;C:\Users\DELL\.gradle\native\c067742578af261105cb4f569cf0c3c89f3d7b1fecec35dd04571415982c5e48\windows-amd64;C:\Users\DELL\.gradle\native\38dada09dfb8b06ba9b0570ebf7e218e3eb74d4ef43ca46872605cf95ebc2f47\windows-amd64

VM Arguments:
jvm_args: -XX:MaxMetaspaceSize=512m --add-opens=java.base/java.util=ALL-UNNAMED --add-opens=java.base/java.lang=ALL-UNNAMED --add-opens=java.base/java.lang.invoke=ALL-UNNAMED --add-opens=java.prefs/java.util.prefs=ALL-UNNAMED --add-opens=java.base/java.nio.charset=ALL-UNNAMED --add-opens=java.base/java.net=ALL-UNNAMED --add-opens=java.base/java.util.concurrent.atomic=ALL-UNNAMED -Xmx2048m -Dfile.encoding=windows-1252 -Duser.country=IN -Duser.language=en -Duser.variant -javaagent:C:\Users\DELL\.gradle\wrapper\dists\gradle-8.6-all\3mbtmo166bl6vumsh5k2lkq5h\gradle-8.6\lib\agents\gradle-instrumentation-agent-8.6.jar 
java_command: org.gradle.launcher.daemon.bootstrap.GradleDaemon 8.6
java_class_path (initial): C:\Users\DELL\.gradle\wrapper\dists\gradle-8.6-all\3mbtmo166bl6vumsh5k2lkq5h\gradle-8.6\lib\gradle-launcher-8.6.jar
Launcher Type: SUN_STANDARD

[Global flags]
     intx CICompilerCount                          = 3                                         {product} {ergonomic}
   size_t CompressedClassSpaceSize                 = 436207616                                 {product} {ergonomic}
     uint ConcGCThreads                            = 1                                         {product} {ergonomic}
     uint G1ConcRefinementThreads                  = 4                                         {product} {ergonomic}
   size_t G1HeapRegionSize                         = 1048576                                   {product} {ergonomic}
    uintx GCDrainStackTargetSize                   = 64                                        {product} {ergonomic}
   size_t InitialHeapSize                          = 65011712                                  {product} {ergonomic}
   size_t MarkStackSize                            = 4194304                                   {product} {ergonomic}
   size_t MaxHeapSize                              = 2147483648                                {product} {command line}
   size_t MaxMetaspaceSize                         = 536870912                                 {product} {command line}
   size_t MaxNewSize                               = 1287651328                                {product} {ergonomic}
   size_t MinHeapDeltaBytes                        = 1048576                                   {product} {ergonomic}
   size_t MinHeapSize                              = 8388608                                   {product} {ergonomic}
    uintx NonNMethodCodeHeapSize                   = 5832780                                {pd product} {ergonomic}
    uintx NonProfiledCodeHeapSize                  = 122912730                              {pd product} {ergonomic}
    uintx ProfiledCodeHeapSize                     = 122912730                              {pd product} {ergonomic}
    uintx ReservedCodeCacheSize                    = 251658240                              {pd product} {ergonomic}
     bool SegmentedCodeCache                       = true                                      {product} {ergonomic}
   size_t SoftMaxHeapSize                          = 2147483648                             {manageable} {ergonomic}
     bool UseCompressedClassPointers               = true                           {product lp64_product} {ergonomic}
     bool UseCompressedOops                        = true                           {product lp64_product} {ergonomic}
     bool UseG1GC                                  = true                                      {product} {ergonomic}
     bool UseLargePagesIndividualAllocation        = false                                  {pd product} {ergonomic}

Logging:
Log output configuration:
 #0: stdout all=warning uptime,level,tags
 #1: stderr all=off uptime,level,tags

Environment Variables:
JAVA_HOME=C:\Program Files\OpenLogic\jdk-17.0.11.9-hotspot
CLASSPATH=E:\React Native\Ecommerce_app\Ecommerce_app\android\\gradle\wrapper\gradle-wrapper.jar
PATH=E:\React Native\Ecommerce_app\Ecommerce_app\node_modules\.bin;E:\React Native\Ecommerce_app\Ecommerce_app\node_modules\.bin;E:\React Native\Ecommerce_app\node_modules\.bin;E:\React Native\node_modules\.bin;E:\node_modules\.bin;C:\Program Files\nodejs\node_modules\npm\node_modules\@npmcli\run-script\lib\node-gyp-bin;E:\React Native\Ecommerce_app\Ecommerce_app\node_modules\.bin;E:\React Native\Ecommerce_app\Ecommerce_app\node_modules\.bin;E:\React Native\Ecommerce_app\node_modules\.bin;E:\React Native\node_modules\.bin;E:\node_modules\.bin;C:\Program Files\nodejs\node_modules\npm\node_modules\@npmcli\run-script\lib\node-gyp-bin;C:\Program Files\Python311\Scripts;C:\Program Files\Python311\;C:\Program Files\OpenLogic\jdk-17.0.11.9-hotspot\bin;C:\Program Files\Microsoft\jdk-17.0.11.9-hotspot\bin;C:\Windows\system32;C:\Windows;C:\Windows\System32\Wbem;C:\Windows\System32\WindowsPowerShell\v1.0\;C:\Windows\System32\OpenSSH\;C:\Program Files\nodejs\;C:\Program Files\nodejs;C:\Program Files\Git\cmd;C:\ProgramData\chocolatey\bin;C:\Users\DELL\AppData\Local\Android\Sdk;C:\Users\DELL\AppData\Local\Android\Sdk\platform-tools;C:\Program Files\Python311\python.exe;C:\Users\DELL\AppData\Local\Programs\Python\Launcher\;C:\Users\DELL\AppData\Local\Microsoft\WindowsApps;C:\Users\DELL\AppData\Local\Programs\Microsoft VS Code\bin;C:\Users\DELL\AppData\Roaming\npm;C:\Program Files\OpenLogic\jdk-17.0.11.9-hotspot;C:\Users\DELL\AppData\Local\Android\Sdk;C:\Users\DELL\AppData\Local\Android\Sdk\platform-tools;C:\Users\DELL\AppData\Local\Android\Sdk\tools\bin;C:\Users\DELL\AppData\Local\Android\Sdk\tools;C:\Users\DELL\AppData\Local\Android\Sdk\emulator;C:\Program Files\Python311\python.exe;C:\Program Files\Python311\;C:\Program Files\Python311\Scripts;
USERNAME=DELL
LANG=en_US.UTF-8
OS=Windows_NT
PROCESSOR_IDENTIFIER=Intel64 Family 6 Model 142 Stepping 9, GenuineIntel
TMP=C:\Users\DELL\AppData\Local\Temp
TEMP=C:\Users\DELL\AppData\Local\Temp



Periodic native trim disabled


---------------  S Y S T E M  ---------------

OS:
 Windows 10 , 64 bit Build 19041 (10.0.19041.3636)
OS uptime: 6 days 5:06 hours

CPU: total 4 (initial active 4) (2 cores per cpu, 2 threads per core) family 6 model 142 stepping 9 microcode 0xb4, cx8, cmov, fxsr, ht, mmx, 3dnowpref, sse, sse2, sse3, ssse3, sse4.1, sse4.2, popcnt, lzcnt, tsc, tscinvbit, avx, avx2, aes, erms, clmul, bmi1, bmi2, adx, fma, vzeroupper, clflush, clflushopt
Processor Information for all 4 processors :
  Max Mhz: 2701, Current Mhz: 2701, Mhz Limit: 2701

Memory: 4k page, system-wide physical 3875M (152M free)
TotalPageFile size 15651M (AvailPageFile size 133M)
current process WorkingSet (physical memory assigned to process): 148M, peak: 274M
current process commit charge ("private bytes"): 427M, peak: 625M

vm_info: OpenJDK 64-Bit Server VM (17.0.11+9-adhoc..jdk17u) for windows-amd64 JRE (17.0.11+9-adhoc..jdk17u), built on Apr 19 2024 08:33:45 by "" with MS VC++ 16.10 / 16.11 (VS2019)

END.
