#
# There is insufficient memory for the Java Runtime Environment to continue.
# Native memory allocation (mmap) failed to map 1048576 bytes. Error detail: G1 virtual space
# Possible reasons:
#   The system is out of physical RAM or swap space
#   This process is running with CompressedOops enabled, and the Java Heap may be blocking the growth of the native heap
# Possible solutions:
#   Reduce memory load on the system
#   Increase physical memory or swap space
#   Check if swap backing store is full
#   Decrease Java heap size (-Xmx/-Xms)
#   Decrease number of Java threads
#   Decrease Java thread stack sizes (-Xss)
#   Set larger code cache with -XX:ReservedCodeCacheSize=
#   JVM is running with Unscaled Compressed Oops mode in which the Java heap is
#     placed in the first 4GB address space. The Java Heap base address is the
#     maximum limit for the native heap growth. Please use -XX:HeapBaseMinAddress
#     to set the Java Heap base and to place the Java Heap above 4GB virtual address.
# This output file may be truncated or incomplete.
#
#  Out of Memory Error (os_windows.cpp:3613), pid=10652, tid=5800
#
# JRE version:  (17.0.11+9) (build )
# Java VM: OpenJDK 64-Bit Server VM (17.0.11+9-adhoc..jdk17u, mixed mode, sharing, tiered, compressed oops, compressed class ptrs, g1 gc, windows-amd64)
# No core dump will be written. Minidumps are not enabled by default on client versions of Windows
#

---------------  S U M M A R Y ------------

Command Line: -Xmx64m -Xms64m -Dorg.gradle.appname=gradlew org.gradle.wrapper.GradleWrapperMain app:installDebug -PreactNativeDevServerPort=8081

Host: Intel(R) Core(TM) i5-7200U CPU @ 2.50GHz, 4 cores, 3G,  Windows 10 , 64 bit Build 19041 (10.0.19041.3636)
Time: Wed Jun 26 14:26:37 2024 India Standard Time elapsed time: 0.054917 seconds (0d 0h 0m 0s)

---------------  T H R E A D  ---------------

Current thread (0x00000253a7054760):  JavaThread "Unknown thread" [_thread_in_vm, id=5800, stack(0x000000e909e00000,0x000000e909f00000)]

Stack: [0x000000e909e00000,0x000000e909f00000]
Native frames: (J=compiled Java code, j=interpreted, Vv=VM code, C=native code)
V  [jvm.dll+0x67d009]
V  [jvm.dll+0x8348aa]
V  [jvm.dll+0x83636e]
V  [jvm.dll+0x8369d3]
V  [jvm.dll+0x2479df]
V  [jvm.dll+0x679e49]
V  [jvm.dll+0x66e8ba]
V  [jvm.dll+0x30755b]
V  [jvm.dll+0x30ea06]
V  [jvm.dll+0x35e423]
V  [jvm.dll+0x35e63f]
V  [jvm.dll+0x2de298]
V  [jvm.dll+0x2df204]
V  [jvm.dll+0x806231]
V  [jvm.dll+0x36c161]
V  [jvm.dll+0x7e4c66]
V  [jvm.dll+0x3ef9cf]
V  [jvm.dll+0x3f1521]
C  [jli.dll+0x528f]
C  [ucrtbase.dll+0x21bb2]
C  [KERNEL32.DLL+0x17344]
C  [ntdll.dll+0x4cc91]


---------------  P R O C E S S  ---------------

Threads class SMR info:
_java_thread_list=0x00007ffeba3eeed8, length=0, elements={
}

Java Threads: ( => current thread )

Other Threads:
  0x00000253a70745e0 GCTaskThread "GC Thread#0" [stack: 0x000000e909f00000,0x000000e90a000000] [id=1544]
  0x00000253a7075d30 ConcurrentGCThread "G1 Main Marker" [stack: 0x000000e90a000000,0x000000e90a100000] [id=8948]
  0x00000253a7076750 ConcurrentGCThread "G1 Conc#0" [stack: 0x000000e90a100000,0x000000e90a200000] [id=2028]

[error occurred during error reporting (printing all threads), id 0xc0000005, EXCEPTION_ACCESS_VIOLATION (0xc0000005) at pc=0x00007ffeb9baecd7]

VM state: not at safepoint (not fully initialized)

VM Mutex/Monitor currently owned by a thread:  ([mutex/lock_event])
[0x00000253a7051d50] Heap_lock - owner thread: 0x00000253a7054760

Heap address: 0x00000000fc000000, size: 64 MB, Compressed Oops mode: 32-bit

CDS archive(s) mapped at: [0x0000000000000000-0x0000000000000000-0x0000000000000000), size 0, SharedBaseAddress: 0x0000000800000000, ArchiveRelocationMode: 1.
Narrow klass base: 0x0000000000000000, Narrow klass shift: 0, Narrow klass range: 0x0

GC Precious Log:
<Empty>

Heap:
 garbage-first heap   total 0K, used 0K [0x00000000fc000000, 0x0000000100000000)
  region size 1024K, 0 young (0K), 0 survivors (0K)

[error occurred during error reporting (printing heap information), id 0xc0000005, EXCEPTION_ACCESS_VIOLATION (0xc0000005) at pc=0x00007ffeb9f96d29]

GC Heap History (0 events):
No events

Dll operation events (1 events):
Event: 0.022 Loaded shared library C:\Program Files\OpenLogic\jdk-17.0.11.9-hotspot\bin\java.dll

Deoptimization events (0 events):
No events

Classes unloaded (0 events):
No events

Classes redefined (0 events):
No events

Internal exceptions (0 events):
No events

VM Operations (0 events):
No events

Events (0 events):
No events


Dynamic libraries:
0x00007ff62dc60000 - 0x00007ff62dc6e000 	C:\Program Files\OpenLogic\jdk-17.0.11.9-hotspot\bin\java.exe
0x00007fff1e7d0000 - 0x00007fff1e9c8000 	C:\Windows\SYSTEM32\ntdll.dll
0x00007fff1e080000 - 0x00007fff1e13d000 	C:\Windows\System32\KERNEL32.DLL
0x00007fff1c1b0000 - 0x00007fff1c4a6000 	C:\Windows\System32\KERNELBASE.dll
0x00007fff1bf20000 - 0x00007fff1c020000 	C:\Windows\System32\ucrtbase.dll
0x00007fff10f10000 - 0x00007fff10f2b000 	C:\Program Files\OpenLogic\jdk-17.0.11.9-hotspot\bin\VCRUNTIME140.dll
0x00007fff10ef0000 - 0x00007fff10f07000 	C:\Program Files\OpenLogic\jdk-17.0.11.9-hotspot\bin\jli.dll
0x00007fff1c820000 - 0x00007fff1c9bf000 	C:\Windows\System32\USER32.dll
0x00007fff1c180000 - 0x00007fff1c1a2000 	C:\Windows\System32\win32u.dll
0x00007fff07370000 - 0x00007fff0760a000 	C:\Windows\WinSxS\amd64_microsoft.windows.common-controls_6595b64144ccf1df_6.0.19041.4355_none_60b8b9eb71f62e16\COMCTL32.dll
0x00007fff1e2c0000 - 0x00007fff1e2eb000 	C:\Windows\System32\GDI32.dll
0x00007fff1cfd0000 - 0x00007fff1d06e000 	C:\Windows\System32\msvcrt.dll
0x00007fff1c550000 - 0x00007fff1c667000 	C:\Windows\System32\gdi32full.dll
0x00007fff1c4b0000 - 0x00007fff1c54d000 	C:\Windows\System32\msvcp_win.dll
0x00007fff1cf00000 - 0x00007fff1cf2f000 	C:\Windows\System32\IMM32.DLL
0x00007fff14a40000 - 0x00007fff14a4c000 	C:\Program Files\OpenLogic\jdk-17.0.11.9-hotspot\bin\vcruntime140_1.dll
0x00007ffef1940000 - 0x00007ffef19cd000 	C:\Program Files\OpenLogic\jdk-17.0.11.9-hotspot\bin\msvcp140.dll
0x00007ffeb98c0000 - 0x00007ffeba522000 	C:\Program Files\OpenLogic\jdk-17.0.11.9-hotspot\bin\server\jvm.dll
0x00007fff1cd20000 - 0x00007fff1cdd0000 	C:\Windows\System32\ADVAPI32.dll
0x00007fff1e5d0000 - 0x00007fff1e670000 	C:\Windows\System32\sechost.dll
0x00007fff1df50000 - 0x00007fff1e073000 	C:\Windows\System32\RPCRT4.dll
0x00007fff1c790000 - 0x00007fff1c7b7000 	C:\Windows\System32\bcrypt.dll
0x00007fff1bce0000 - 0x00007fff1bd2b000 	C:\Windows\SYSTEM32\POWRPROF.dll
0x00007fff086f0000 - 0x00007fff086f9000 	C:\Windows\SYSTEM32\WSOCK32.dll
0x00007fff10240000 - 0x00007fff10267000 	C:\Windows\SYSTEM32\WINMM.dll
0x00007fff1e140000 - 0x00007fff1e1ab000 	C:\Windows\System32\WS2_32.dll
0x00007fff14f10000 - 0x00007fff14f1a000 	C:\Windows\SYSTEM32\VERSION.dll
0x00007fff1bcc0000 - 0x00007fff1bcd2000 	C:\Windows\SYSTEM32\UMPDC.dll
0x00007fff1a6a0000 - 0x00007fff1a6b2000 	C:\Windows\SYSTEM32\kernel.appcore.dll
0x00007fff11060000 - 0x00007fff1106a000 	C:\Program Files\OpenLogic\jdk-17.0.11.9-hotspot\bin\jimage.dll
0x00007fff19c00000 - 0x00007fff19de4000 	C:\Windows\SYSTEM32\DBGHELP.DLL
0x00007ffefcaa0000 - 0x00007ffefcad4000 	C:\Windows\SYSTEM32\dbgcore.DLL
0x00007fff1be90000 - 0x00007fff1bf12000 	C:\Windows\System32\bcryptPrimitives.dll
0x00007ffeecc10000 - 0x00007ffeecc35000 	C:\Program Files\OpenLogic\jdk-17.0.11.9-hotspot\bin\java.dll

dbghelp: loaded successfully - version: 4.0.5 - missing functions: none
symbol engine: initialized successfully - sym options: 0x614 - pdb path: .;C:\Program Files\OpenLogic\jdk-17.0.11.9-hotspot\bin;C:\Windows\SYSTEM32;C:\Windows\WinSxS\amd64_microsoft.windows.common-controls_6595b64144ccf1df_6.0.19041.4355_none_60b8b9eb71f62e16;C:\Program Files\OpenLogic\jdk-17.0.11.9-hotspot\bin\server

VM Arguments:
jvm_args: -Xmx64m -Xms64m -Dorg.gradle.appname=gradlew 
java_command: org.gradle.wrapper.GradleWrapperMain app:installDebug -PreactNativeDevServerPort=8081
java_class_path (initial): E:\React Native\Ecommerce_app\Ecommerce_app\android\\gradle\wrapper\gradle-wrapper.jar
Launcher Type: SUN_STANDARD

[Global flags]
     intx CICompilerCount                          = 3                                         {product} {ergonomic}
     uint ConcGCThreads                            = 1                                         {product} {ergonomic}
     uint G1ConcRefinementThreads                  = 4                                         {product} {ergonomic}
   size_t G1HeapRegionSize                         = 1048576                                   {product} {ergonomic}
    uintx GCDrainStackTargetSize                   = 64                                        {product} {ergonomic}
   size_t InitialHeapSize                          = 67108864                                  {product} {command line}
   size_t MarkStackSize                            = 4194304                                   {product} {ergonomic}
   size_t MaxHeapSize                              = 67108864                                  {product} {command line}
   size_t MinHeapDeltaBytes                        = 1048576                                   {product} {ergonomic}
   size_t MinHeapSize                              = 67108864                                  {product} {command line}
    uintx NonNMethodCodeHeapSize                   = 5832780                                {pd product} {ergonomic}
    uintx NonProfiledCodeHeapSize                  = 122912730                              {pd product} {ergonomic}
    uintx ProfiledCodeHeapSize                     = 122912730                              {pd product} {ergonomic}
    uintx ReservedCodeCacheSize                    = 251658240                              {pd product} {ergonomic}
     bool SegmentedCodeCache                       = true                                      {product} {ergonomic}
   size_t SoftMaxHeapSize                          = 67108864                               {manageable} {ergonomic}
     bool UseCompressedClassPointers               = true                           {product lp64_product} {ergonomic}
     bool UseCompressedOops                        = true                           {product lp64_product} {ergonomic}
     bool UseG1GC                                  = true                                      {product} {ergonomic}
     bool UseLargePagesIndividualAllocation        = false                                  {pd product} {ergonomic}

Logging:
Log output configuration:
 #0: stdout all=warning uptime,level,tags
 #1: stderr all=off uptime,level,tags

Environment Variables:
JAVA_HOME=C:\Program Files\OpenLogic\jdk-17.0.11.9-hotspot
CLASSPATH=E:\React Native\Ecommerce_app\Ecommerce_app\android\\gradle\wrapper\gradle-wrapper.jar
PATH=E:\React Native\Ecommerce_app\Ecommerce_app\node_modules\.bin;E:\React Native\Ecommerce_app\Ecommerce_app\node_modules\.bin;E:\React Native\Ecommerce_app\node_modules\.bin;E:\React Native\node_modules\.bin;E:\node_modules\.bin;C:\Program Files\nodejs\node_modules\npm\node_modules\@npmcli\run-script\lib\node-gyp-bin;E:\React Native\Ecommerce_app\Ecommerce_app\node_modules\.bin;E:\React Native\Ecommerce_app\Ecommerce_app\node_modules\.bin;E:\React Native\Ecommerce_app\node_modules\.bin;E:\React Native\node_modules\.bin;E:\node_modules\.bin;C:\Program Files\nodejs\node_modules\npm\node_modules\@npmcli\run-script\lib\node-gyp-bin;C:\Program Files\Python311\Scripts;C:\Program Files\Python311\;C:\Program Files\OpenLogic\jdk-17.0.11.9-hotspot\bin;C:\Program Files\Microsoft\jdk-17.0.11.9-hotspot\bin;C:\Windows\system32;C:\Windows;C:\Windows\System32\Wbem;C:\Windows\System32\WindowsPowerShell\v1.0\;C:\Windows\System32\OpenSSH\;C:\Program Files\nodejs\;C:\Program Files\nodejs;C:\Program Files\Git\cmd;C:\ProgramData\chocolatey\bin;C:\Users\DELL\AppData\Local\Android\Sdk;C:\Users\DELL\AppData\Local\Android\Sdk\platform-tools;C:\Program Files\Python311\python.exe;C:\Users\DELL\AppData\Local\Programs\Python\Launcher\;C:\Users\DELL\AppData\Local\Microsoft\WindowsApps;C:\Users\DELL\AppData\Local\Programs\Microsoft VS Code\bin;C:\Users\DELL\AppData\Roaming\npm;C:\Program Files\OpenLogic\jdk-17.0.11.9-hotspot;C:\Users\DELL\AppData\Local\Android\Sdk;C:\Users\DELL\AppData\Local\Android\Sdk\platform-tools;C:\Users\DELL\AppData\Local\Android\Sdk\tools\bin;C:\Users\DELL\AppData\Local\Android\Sdk\tools;C:\Users\DELL\AppData\Local\Android\Sdk\emulator;C:\Program Files\Python311\python.exe;C:\Program Files\Python311\;C:\Program Files\Python311\Scripts;
USERNAME=DELL
LANG=en_US.UTF-8
OS=Windows_NT
PROCESSOR_IDENTIFIER=Intel64 Family 6 Model 142 Stepping 9, GenuineIntel
TMP=C:\Users\DELL\AppData\Local\Temp
TEMP=C:\Users\DELL\AppData\Local\Temp



Periodic native trim disabled


---------------  S Y S T E M  ---------------

OS:
 Windows 10 , 64 bit Build 19041 (10.0.19041.3636)
OS uptime: 9 days 14:35 hours

CPU: total 4 (initial active 4) (2 cores per cpu, 2 threads per core) family 6 model 142 stepping 9 microcode 0xb4, cx8, cmov, fxsr, ht, mmx, 3dnowpref, sse, sse2, sse3, ssse3, sse4.1, sse4.2, popcnt, lzcnt, tsc, tscinvbit, avx, avx2, aes, erms, clmul, bmi1, bmi2, adx, fma, vzeroupper, clflush, clflushopt
Processor Information for all 4 processors :
  Max Mhz: 2701, Current Mhz: 2701, Mhz Limit: 2701

Memory: 4k page, system-wide physical 3875M (284M free)
TotalPageFile size 15651M (AvailPageFile size 2M)
current process WorkingSet (physical memory assigned to process): 10M, peak: 10M
current process commit charge ("private bytes"): 115M, peak: 116M

vm_info: OpenJDK 64-Bit Server VM (17.0.11+9-adhoc..jdk17u) for windows-amd64 JRE (17.0.11+9-adhoc..jdk17u), built on Apr 19 2024 08:33:45 by "" with MS VC++ 16.10 / 16.11 (VS2019)

END.
